prog lib count size_per_call time
cudamemcpy mrcuda 0 1024 23.707000
cudamemcpy mrcuda 0 2048 23.586000
cudamemcpy mrcuda 0 4096 24.085000
cudamemcpy mrcuda 0 8192 27.142000
cudamemcpy mrcuda 0 16384 32.360000
cudamemcpy mrcuda 0 32768 43.379000
cudamemcpy mrcuda 0 65536 65.852000
cudamemcpy mrcuda 0 131072 107.484000
cudamemcpy mrcuda 0 262144 190.487000
cudamemcpy mrcuda 0 524288 360.121000
cudamemcpy mrcuda 0 1048576 740.892000
cudamemcpy mrcuda 0 2097152 1502.484000
cudamemcpy mrcuda 0 4194304 3162.210000
cudamemcpy mrcuda 0 8388608 6589.956000
cudamemcpy mrcuda 0 16777216 14099.772000
cudamemcpy mrcuda 0 33554432 28670.813000
cudamemcpy mrcuda 0 67108864 57351.585000
cudamemcpy mrcuda 0 134217728 114402.483000
cudamemcpy mrcuda 0 268435456 228174.487000
cudamemcpy mrcuda 0 536870912 456561.788000
cudamemcpy mrcuda 1 1024 25.535000
cudamemcpy mrcuda 1 2048 24.536000
cudamemcpy mrcuda 1 4096 24.919000
cudamemcpy mrcuda 1 8192 28.170000
cudamemcpy mrcuda 1 16384 33.451000
cudamemcpy mrcuda 1 32768 44.960000
cudamemcpy mrcuda 1 65536 67.520000
cudamemcpy mrcuda 1 131072 109.729000
cudamemcpy mrcuda 1 262144 192.256000
cudamemcpy mrcuda 1 524288 363.553000
cudamemcpy mrcuda 1 1048576 774.701000
cudamemcpy mrcuda 1 2097152 1615.745000
cudamemcpy mrcuda 1 4194304 3289.496000
cudamemcpy mrcuda 1 8388608 6818.549000
cudamemcpy mrcuda 1 16777216 14308.595000
cudamemcpy mrcuda 1 33554432 28948.875000
cudamemcpy mrcuda 1 67108864 57716.634000
cudamemcpy mrcuda 1 134217728 114734.186000
cudamemcpy mrcuda 1 268435456 228719.460000
cudamemcpy mrcuda 1 536870912 457770.822000
cudamemcpy mrcuda 2 1024 24.210000
cudamemcpy mrcuda 2 2048 23.541000
cudamemcpy mrcuda 2 4096 23.846000
cudamemcpy mrcuda 2 8192 27.095000
cudamemcpy mrcuda 2 16384 32.419000
cudamemcpy mrcuda 2 32768 43.485000
cudamemcpy mrcuda 2 65536 65.377000
cudamemcpy mrcuda 2 131072 107.146000
cudamemcpy mrcuda 2 262144 190.121000
cudamemcpy mrcuda 2 524288 360.972000
cudamemcpy mrcuda 2 1048576 769.155000
cudamemcpy mrcuda 2 2097152 1610.051000
cudamemcpy mrcuda 2 4194304 3281.864000
cudamemcpy mrcuda 2 8388608 6782.289000
cudamemcpy mrcuda 2 16777216 14296.611000
cudamemcpy mrcuda 2 33554432 28939.121000
cudamemcpy mrcuda 2 67108864 57711.919000
cudamemcpy mrcuda 2 134217728 115116.285000
cudamemcpy mrcuda 2 268435456 229418.731000
cudamemcpy mrcuda 2 536870912 458720.893000
cudamemcpy mrcuda 3 1024 24.432000
cudamemcpy mrcuda 3 2048 23.433000
cudamemcpy mrcuda 3 4096 23.725000
cudamemcpy mrcuda 3 8192 26.918000
cudamemcpy mrcuda 3 16384 32.127000
cudamemcpy mrcuda 3 32768 43.121000
cudamemcpy mrcuda 3 65536 65.396000
cudamemcpy mrcuda 3 131072 107.548000
cudamemcpy mrcuda 3 262144 190.862000
cudamemcpy mrcuda 3 524288 363.774000
cudamemcpy mrcuda 3 1048576 733.667000
cudamemcpy mrcuda 3 2097152 1561.821000
cudamemcpy mrcuda 3 4194304 3264.504000
cudamemcpy mrcuda 3 8388608 6770.502000
cudamemcpy mrcuda 3 16777216 14221.611000
cudamemcpy mrcuda 3 33554432 28949.865000
cudamemcpy mrcuda 3 67108864 57812.058000
cudamemcpy mrcuda 3 134217728 115184.516000
cudamemcpy mrcuda 3 268435456 229561.263000
cudamemcpy mrcuda 3 536870912 458857.855000
cudamemcpy mrcuda 4 1024 23.803000
cudamemcpy mrcuda 4 2048 23.921000
cudamemcpy mrcuda 4 4096 24.169000
cudamemcpy mrcuda 4 8192 27.698000
cudamemcpy mrcuda 4 16384 32.877000
cudamemcpy mrcuda 4 32768 43.996000
cudamemcpy mrcuda 4 65536 66.135000
cudamemcpy mrcuda 4 131072 107.902000
cudamemcpy mrcuda 4 262144 190.761000
cudamemcpy mrcuda 4 524288 357.221000
cudamemcpy mrcuda 4 1048576 734.587000
cudamemcpy mrcuda 4 2097152 1501.452000
cudamemcpy mrcuda 4 4194304 3157.658000
cudamemcpy mrcuda 4 8388608 6724.800000
cudamemcpy mrcuda 4 16777216 14084.432000
cudamemcpy mrcuda 4 33554432 28745.811000
cudamemcpy mrcuda 4 67108864 57456.041000
cudamemcpy mrcuda 4 134217728 114529.454000
cudamemcpy mrcuda 4 268435456 228555.257000
cudamemcpy mrcuda 4 536870912 456908.974000
cudamemcpy mrcuda 5 1024 24.740000
cudamemcpy mrcuda 5 2048 24.142000
cudamemcpy mrcuda 5 4096 24.591000
cudamemcpy mrcuda 5 8192 27.863000
cudamemcpy mrcuda 5 16384 33.229000
cudamemcpy mrcuda 5 32768 44.054000
cudamemcpy mrcuda 5 65536 66.328000
cudamemcpy mrcuda 5 131072 108.365000
cudamemcpy mrcuda 5 262144 190.897000
cudamemcpy mrcuda 5 524288 362.404000
cudamemcpy mrcuda 5 1048576 768.185000
cudamemcpy mrcuda 5 2097152 1609.308000
cudamemcpy mrcuda 5 4194304 3284.896000
cudamemcpy mrcuda 5 8388608 6900.502000
cudamemcpy mrcuda 5 16777216 14266.649000
cudamemcpy mrcuda 5 33554432 28960.732000
cudamemcpy mrcuda 5 67108864 57796.792000
cudamemcpy mrcuda 5 134217728 115037.879000
cudamemcpy mrcuda 5 268435456 229401.095000
cudamemcpy mrcuda 5 536870912 458578.661000
cudamemcpy mrcuda 6 1024 23.720000
cudamemcpy mrcuda 6 2048 23.777000
cudamemcpy mrcuda 6 4096 24.075000
cudamemcpy mrcuda 6 8192 27.386000
cudamemcpy mrcuda 6 16384 32.648000
cudamemcpy mrcuda 6 32768 43.408000
cudamemcpy mrcuda 6 65536 65.562000
cudamemcpy mrcuda 6 131072 107.481000
cudamemcpy mrcuda 6 262144 190.448000
cudamemcpy mrcuda 6 524288 361.721000
cudamemcpy mrcuda 6 1048576 775.303000
cudamemcpy mrcuda 6 2097152 1602.592000
cudamemcpy mrcuda 6 4194304 3262.345000
cudamemcpy mrcuda 6 8388608 6864.071000
cudamemcpy mrcuda 6 16777216 14261.377000
cudamemcpy mrcuda 6 33554432 28879.013000
cudamemcpy mrcuda 6 67108864 57695.091000
cudamemcpy mrcuda 6 134217728 114821.480000
cudamemcpy mrcuda 6 268435456 228831.121000
cudamemcpy mrcuda 6 536870912 457399.061000
cudamemcpy mrcuda 7 1024 24.467000
cudamemcpy mrcuda 7 2048 23.916000
cudamemcpy mrcuda 7 4096 24.277000
cudamemcpy mrcuda 7 8192 27.448000
cudamemcpy mrcuda 7 16384 32.568000
cudamemcpy mrcuda 7 32768 43.604000
cudamemcpy mrcuda 7 65536 65.713000
cudamemcpy mrcuda 7 131072 108.453000
cudamemcpy mrcuda 7 262144 191.636000
cudamemcpy mrcuda 7 524288 361.887000
cudamemcpy mrcuda 7 1048576 774.704000
cudamemcpy mrcuda 7 2097152 1610.828000
cudamemcpy mrcuda 7 4194304 3275.267000
cudamemcpy mrcuda 7 8388608 6902.061000
cudamemcpy mrcuda 7 16777216 14316.970000
cudamemcpy mrcuda 7 33554432 29001.885000
cudamemcpy mrcuda 7 67108864 57918.016000
cudamemcpy mrcuda 7 134217728 115225.240000
cudamemcpy mrcuda 7 268435456 229559.663000
cudamemcpy mrcuda 7 536870912 458412.680000
cudamemcpy mrcuda 8 1024 24.201000
cudamemcpy mrcuda 8 2048 23.573000
cudamemcpy mrcuda 8 4096 24.008000
cudamemcpy mrcuda 8 8192 27.317000
cudamemcpy mrcuda 8 16384 32.523000
cudamemcpy mrcuda 8 32768 43.500000
cudamemcpy mrcuda 8 65536 65.584000
cudamemcpy mrcuda 8 131072 107.949000
cudamemcpy mrcuda 8 262144 190.804000
cudamemcpy mrcuda 8 524288 364.756000
cudamemcpy mrcuda 8 1048576 724.120000
cudamemcpy mrcuda 8 2097152 1550.997000
cudamemcpy mrcuda 8 4194304 3218.520000
cudamemcpy mrcuda 8 8388608 6666.086000
cudamemcpy mrcuda 8 16777216 14107.568000
cudamemcpy mrcuda 8 33554432 28795.421000
cudamemcpy mrcuda 8 67108864 57638.160000
cudamemcpy mrcuda 8 134217728 114926.156000
cudamemcpy mrcuda 8 268435456 229095.012000
cudamemcpy mrcuda 8 536870912 457751.274000
cudamemcpy mrcuda 9 1024 23.594000
cudamemcpy mrcuda 9 2048 24.050000
cudamemcpy mrcuda 9 4096 24.403000
cudamemcpy mrcuda 9 8192 27.678000
cudamemcpy mrcuda 9 16384 32.980000
cudamemcpy mrcuda 9 32768 43.657000
cudamemcpy mrcuda 9 65536 65.738000
cudamemcpy mrcuda 9 131072 107.550000
cudamemcpy mrcuda 9 262144 190.718000
cudamemcpy mrcuda 9 524288 363.023000
cudamemcpy mrcuda 9 1048576 729.539000
cudamemcpy mrcuda 9 2097152 1505.266000
cudamemcpy mrcuda 9 4194304 3158.483000
cudamemcpy mrcuda 9 8388608 6669.139000
cudamemcpy mrcuda 9 16777216 14043.886000
cudamemcpy mrcuda 9 33554432 28737.694000
cudamemcpy mrcuda 9 67108864 57545.285000
cudamemcpy mrcuda 9 134217728 114763.498000
cudamemcpy mrcuda 9 268435456 229028.840000
cudamemcpy mrcuda 9 536870912 457445.702000
cudamemcpy native 0 1024 4.898000
cudamemcpy native 0 2048 5.050000
cudamemcpy native 0 4096 5.473000
cudamemcpy native 0 8192 6.790000
cudamemcpy native 0 16384 9.148000
cudamemcpy native 0 32768 13.953000
cudamemcpy native 0 65536 23.594000
cudamemcpy native 0 131072 36.605000
cudamemcpy native 0 262144 66.875000
cudamemcpy native 0 524288 127.410000
cudamemcpy native 0 1048576 249.071000
cudamemcpy native 0 2097152 423.865000
cudamemcpy native 0 4194304 773.866000
cudamemcpy native 0 8388608 1464.670000
cudamemcpy native 0 16777216 2860.749000
cudamemcpy native 0 33554432 5636.800000
cudamemcpy native 0 67108864 11195.433000
cudamemcpy native 0 134217728 22313.544000
cudamemcpy native 0 268435456 44545.160000
cudamemcpy native 0 536870912 88965.398000
cudamemcpy native 1 1024 4.922000
cudamemcpy native 1 2048 5.040000
cudamemcpy native 1 4096 5.501000
cudamemcpy native 1 8192 6.835000
cudamemcpy native 1 16384 9.161000
cudamemcpy native 1 32768 13.996000
cudamemcpy native 1 65536 23.676000
cudamemcpy native 1 131072 36.652000
cudamemcpy native 1 262144 66.976000
cudamemcpy native 1 524288 127.428000
cudamemcpy native 1 1048576 248.992000
cudamemcpy native 1 2097152 423.326000
cudamemcpy native 1 4194304 772.537000
cudamemcpy native 1 8388608 1464.817000
cudamemcpy native 1 16777216 2855.708000
cudamemcpy native 1 33554432 5633.196000
cudamemcpy native 1 67108864 11194.047000
cudamemcpy native 1 134217728 22306.524000
cudamemcpy native 1 268435456 44531.106000
cudamemcpy native 1 536870912 88942.431000
cudamemcpy native 2 1024 4.927000
cudamemcpy native 2 2048 5.030000
cudamemcpy native 2 4096 5.484000
cudamemcpy native 2 8192 6.796000
cudamemcpy native 2 16384 9.124000
cudamemcpy native 2 32768 13.966000
cudamemcpy native 2 65536 23.586000
cudamemcpy native 2 131072 36.658000
cudamemcpy native 2 262144 66.871000
cudamemcpy native 2 524288 127.386000
cudamemcpy native 2 1048576 276.266000
cudamemcpy native 2 2097152 449.664000
cudamemcpy native 2 4194304 800.574000
cudamemcpy native 2 8388608 1490.734000
cudamemcpy native 2 16777216 2890.811000
cudamemcpy native 2 33554432 5670.958000
cudamemcpy native 2 67108864 11224.960000
cudamemcpy native 2 134217728 22320.847000
cudamemcpy native 2 268435456 44527.648000
cudamemcpy native 2 536870912 88956.920000
cudamemcpy native 3 1024 4.914000
cudamemcpy native 3 2048 5.064000
cudamemcpy native 3 4096 5.478000
cudamemcpy native 3 8192 6.788000
cudamemcpy native 3 16384 9.145000
cudamemcpy native 3 32768 13.995000
cudamemcpy native 3 65536 23.598000
cudamemcpy native 3 131072 36.605000
cudamemcpy native 3 262144 66.904000
cudamemcpy native 3 524288 127.529000
cudamemcpy native 3 1048576 249.258000
cudamemcpy native 3 2097152 423.666000
cudamemcpy native 3 4194304 772.672000
cudamemcpy native 3 8388608 1464.225000
cudamemcpy native 3 16777216 2858.230000
cudamemcpy native 3 33554432 5633.703000
cudamemcpy native 3 67108864 11185.736000
cudamemcpy native 3 134217728 22286.092000
cudamemcpy native 3 268435456 44494.399000
cudamemcpy native 3 536870912 88906.943000
cudamemcpy native 4 1024 4.929000
cudamemcpy native 4 2048 5.058000
cudamemcpy native 4 4096 5.505000
cudamemcpy native 4 8192 6.804000
cudamemcpy native 4 16384 9.168000
cudamemcpy native 4 32768 13.978000
cudamemcpy native 4 65536 23.640000
cudamemcpy native 4 131072 36.665000
cudamemcpy native 4 262144 66.956000
cudamemcpy native 4 524288 127.496000
cudamemcpy native 4 1048576 249.023000
cudamemcpy native 4 2097152 423.554000
cudamemcpy native 4 4194304 772.551000
cudamemcpy native 4 8388608 1463.784000
cudamemcpy native 4 16777216 2858.779000
cudamemcpy native 4 33554432 5634.908000
cudamemcpy native 4 67108864 11197.449000
cudamemcpy native 4 134217728 22302.144000
cudamemcpy native 4 268435456 44528.614000
cudamemcpy native 4 536870912 88931.180000
cudamemcpy native 5 1024 4.916000
cudamemcpy native 5 2048 5.056000
cudamemcpy native 5 4096 5.495000
cudamemcpy native 5 8192 6.817000
cudamemcpy native 5 16384 9.193000
cudamemcpy native 5 32768 14.084000
cudamemcpy native 5 65536 23.629000
cudamemcpy native 5 131072 36.595000
cudamemcpy native 5 262144 66.844000
cudamemcpy native 5 524288 127.363000
cudamemcpy native 5 1048576 248.870000
cudamemcpy native 5 2097152 423.485000
cudamemcpy native 5 4194304 772.666000
cudamemcpy native 5 8388608 1464.365000
cudamemcpy native 5 16777216 2859.676000
cudamemcpy native 5 33554432 5636.493000
cudamemcpy native 5 67108864 11201.132000
cudamemcpy native 5 134217728 22306.450000
cudamemcpy native 5 268435456 44522.188000
cudamemcpy native 5 536870912 88964.001000
cudamemcpy native 6 1024 4.880000
cudamemcpy native 6 2048 5.054000
cudamemcpy native 6 4096 5.494000
cudamemcpy native 6 8192 6.780000
cudamemcpy native 6 16384 9.165000
cudamemcpy native 6 32768 13.966000
cudamemcpy native 6 65536 23.590000
cudamemcpy native 6 131072 36.656000
cudamemcpy native 6 262144 67.015000
cudamemcpy native 6 524288 127.506000
cudamemcpy native 6 1048576 249.662000
cudamemcpy native 6 2097152 424.632000
cudamemcpy native 6 4194304 773.746000
cudamemcpy native 6 8388608 1468.640000
cudamemcpy native 6 16777216 2864.502000
cudamemcpy native 6 33554432 5649.572000
cudamemcpy native 6 67108864 11222.734000
cudamemcpy native 6 134217728 22363.116000
cudamemcpy native 6 268435456 44651.063000
cudamemcpy native 6 536870912 89210.271000
cudamemcpy native 7 1024 4.906000
cudamemcpy native 7 2048 5.061000
cudamemcpy native 7 4096 5.507000
cudamemcpy native 7 8192 6.801000
cudamemcpy native 7 16384 9.163000
cudamemcpy native 7 32768 14.023000
cudamemcpy native 7 65536 23.634000
cudamemcpy native 7 131072 36.718000
cudamemcpy native 7 262144 67.052000
cudamemcpy native 7 524288 128.877000
cudamemcpy native 7 1048576 249.558000
cudamemcpy native 7 2097152 424.701000
cudamemcpy native 7 4194304 773.827000
cudamemcpy native 7 8388608 1468.707000
cudamemcpy native 7 16777216 2867.657000
cudamemcpy native 7 33554432 5652.540000
cudamemcpy native 7 67108864 11232.904000
cudamemcpy native 7 134217728 22372.873000
cudamemcpy native 7 268435456 44661.230000
cudamemcpy native 7 536870912 89251.043000
cudamemcpy native 8 1024 4.858000
cudamemcpy native 8 2048 5.027000
cudamemcpy native 8 4096 5.465000
cudamemcpy native 8 8192 6.807000
cudamemcpy native 8 16384 9.141000
cudamemcpy native 8 32768 13.981000
cudamemcpy native 8 65536 23.640000
cudamemcpy native 8 131072 36.645000
cudamemcpy native 8 262144 67.007000
cudamemcpy native 8 524288 127.678000
cudamemcpy native 8 1048576 249.723000
cudamemcpy native 8 2097152 425.068000
cudamemcpy native 8 4194304 775.541000
cudamemcpy native 8 8388608 1469.898000
cudamemcpy native 8 16777216 2869.008000
cudamemcpy native 8 33554432 5658.383000
cudamemcpy native 8 67108864 11239.155000
cudamemcpy native 8 134217728 22381.782000
cudamemcpy native 8 268435456 44677.469000
cudamemcpy native 8 536870912 89271.732000
cudamemcpy native 9 1024 4.917000
cudamemcpy native 9 2048 5.055000
cudamemcpy native 9 4096 5.491000
cudamemcpy native 9 8192 6.795000
cudamemcpy native 9 16384 9.172000
cudamemcpy native 9 32768 13.993000
cudamemcpy native 9 65536 23.643000
cudamemcpy native 9 131072 36.683000
cudamemcpy native 9 262144 66.824000
cudamemcpy native 9 524288 127.519000
cudamemcpy native 9 1048576 276.583000
cudamemcpy native 9 2097152 450.542000
cudamemcpy native 9 4194304 799.578000
cudamemcpy native 9 8388608 1491.421000
cudamemcpy native 9 16777216 2892.257000
cudamemcpy native 9 33554432 5671.093000
cudamemcpy native 9 67108864 11226.631000
cudamemcpy native 9 134217728 22329.188000
cudamemcpy native 9 268435456 44524.088000
cudamemcpy native 9 536870912 88925.813000
