lib total_size num_regions memsync_time rcuda_time local_time nvidia_time other_time
mrcuda 1048576 1 1.118000 0.868000 0.250000 0.195000 0.055000
mrcuda 1048576 1 1.073000 0.826000 0.247000 0.193000 0.054000
mrcuda 1048576 1 1.122000 0.867000 0.255000 0.196000 0.059000
mrcuda 1048576 1 1.074000 0.823000 0.251000 0.194000 0.057000
mrcuda 1048576 1 1.067000 0.819000 0.248000 0.196000 0.052000
mrcuda 1048576 1 1.121000 0.859000 0.262000 0.205000 0.057000
mrcuda 1048576 1 1.123000 0.875000 0.248000 0.192000 0.056000
mrcuda 1048576 1 1.071000 0.822000 0.249000 0.196000 0.053000
mrcuda 1048576 1 1.080000 0.830000 0.250000 0.194000 0.056000
mrcuda 1048576 1 1.069000 0.827000 0.242000 0.189000 0.053000
mrcuda 2097152 1 2.308000 1.766000 0.542000 0.433000 0.109000
mrcuda 2097152 1 2.282000 1.745000 0.537000 0.424000 0.113000
mrcuda 2097152 1 2.189000 1.669000 0.520000 0.414000 0.106000
mrcuda 2097152 1 2.129000 1.648000 0.481000 0.386000 0.095000
mrcuda 2097152 1 2.138000 1.649000 0.489000 0.392000 0.097000
mrcuda 2097152 1 2.321000 1.774000 0.547000 0.435000 0.112000
mrcuda 2097152 1 2.166000 1.672000 0.494000 0.394000 0.100000
mrcuda 2097152 1 2.176000 1.670000 0.506000 0.405000 0.101000
mrcuda 2097152 1 2.330000 1.785000 0.545000 0.432000 0.113000
mrcuda 2097152 1 2.093000 1.608000 0.485000 0.384000 0.101000
mrcuda 4194304 1 3.118000 2.034000 1.084000 0.729000 0.355000
mrcuda 4194304 1 3.071000 2.021000 1.050000 0.732000 0.318000
mrcuda 4194304 1 3.078000 2.037000 1.041000 0.716000 0.325000
mrcuda 4194304 1 2.593000 1.701000 0.892000 0.777000 0.115000
mrcuda 4194304 1 3.139000 2.035000 1.104000 0.724000 0.380000
mrcuda 4194304 1 3.062000 2.027000 1.035000 0.714000 0.321000
mrcuda 4194304 1 3.087000 2.044000 1.043000 0.720000 0.323000
mrcuda 4194304 1 3.122000 2.071000 1.051000 0.728000 0.323000
mrcuda 4194304 1 3.216000 2.101000 1.115000 0.767000 0.348000
mrcuda 4194304 1 3.118000 2.064000 1.054000 0.733000 0.321000
mrcuda 8388608 1 7.830000 5.450000 2.380000 1.491000 0.889000
mrcuda 8388608 1 6.809000 4.616000 2.193000 1.423000 0.770000
mrcuda 8388608 1 6.770000 4.404000 2.366000 1.480000 0.886000
mrcuda 8388608 1 6.543000 4.362000 2.181000 1.417000 0.764000
mrcuda 8388608 1 7.428000 4.954000 2.474000 1.532000 0.942000
mrcuda 8388608 1 7.430000 5.149000 2.281000 1.449000 0.832000
mrcuda 8388608 1 7.264000 5.053000 2.211000 1.419000 0.792000
mrcuda 8388608 1 5.784000 4.111000 1.673000 1.443000 0.230000
mrcuda 8388608 1 7.738000 5.189000 2.549000 1.577000 0.972000
mrcuda 8388608 1 7.641000 5.263000 2.378000 1.494000 0.884000
mrcuda 16777216 1 11.298000 7.274000 4.024000 3.339000 0.685000
mrcuda 16777216 1 11.960000 7.929000 4.031000 3.304000 0.727000
mrcuda 16777216 1 13.863000 8.801000 5.062000 3.002000 2.060000
mrcuda 16777216 1 9.739000 6.064000 3.675000 3.074000 0.601000
mrcuda 16777216 1 13.990000 8.933000 5.057000 3.004000 2.053000
mrcuda 16777216 1 13.414000 8.418000 4.996000 2.889000 2.107000
mrcuda 16777216 1 14.610000 9.047000 5.563000 3.274000 2.289000
mrcuda 16777216 1 12.585000 8.543000 4.042000 3.357000 0.685000
mrcuda 16777216 1 11.044000 7.610000 3.434000 2.876000 0.558000
mrcuda 16777216 1 14.735000 10.563000 4.172000 3.474000 0.698000
mrcuda 33554432 1 29.670000 20.290000 9.380000 7.444000 1.936000
mrcuda 33554432 1 30.921000 20.866000 10.055000 9.125000 0.930000
mrcuda 33554432 1 28.255000 17.842000 10.413000 9.450000 0.963000
mrcuda 33554432 1 27.436000 17.124000 10.312000 6.074000 4.238000
mrcuda 33554432 1 27.413000 17.093000 10.320000 6.093000 4.227000
mrcuda 33554432 1 29.478000 20.133000 9.345000 7.401000 1.944000
mrcuda 33554432 1 27.183000 17.458000 9.725000 7.901000 1.824000
mrcuda 33554432 1 27.961000 17.882000 10.079000 8.246000 1.833000
mrcuda 33554432 1 27.736000 17.391000 10.345000 6.124000 4.221000
mrcuda 33554432 1 31.146000 20.775000 10.371000 9.439000 0.932000
mrcuda 67108864 1 59.627000 43.324000 16.303000 14.474000 1.829000
mrcuda 67108864 1 54.241000 35.357000 18.884000 12.485000 6.399000
mrcuda 67108864 1 58.993000 40.005000 18.988000 17.167000 1.821000
mrcuda 67108864 1 62.709000 43.003000 19.706000 17.887000 1.819000
mrcuda 67108864 1 51.557000 33.212000 18.345000 11.935000 6.410000
mrcuda 67108864 1 65.201000 45.661000 19.540000 17.715000 1.825000
mrcuda 67108864 1 58.445000 37.074000 21.371000 14.982000 6.389000
mrcuda 67108864 1 57.857000 36.847000 21.010000 14.622000 6.388000
mrcuda 67108864 1 59.658000 43.046000 16.612000 14.782000 1.830000
mrcuda 67108864 1 52.944000 34.095000 18.849000 12.461000 6.388000
mrcuda 134217728 1 117.940000 88.201000 29.739000 26.141000 3.598000
mrcuda 134217728 1 119.030000 89.241000 29.789000 26.170000 3.619000
mrcuda 134217728 1 103.175000 67.635000 35.540000 23.079000 12.461000
mrcuda 134217728 1 116.182000 77.450000 38.732000 26.301000 12.431000
mrcuda 134217728 1 120.691000 91.097000 29.594000 25.989000 3.605000
mrcuda 134217728 1 125.176000 87.062000 38.114000 25.687000 12.427000
mrcuda 134217728 1 123.499000 91.244000 32.255000 28.662000 3.593000
mrcuda 134217728 1 125.539000 93.918000 31.621000 28.021000 3.600000
mrcuda 134217728 1 123.263000 92.341000 30.922000 27.323000 3.599000
mrcuda 134217728 1 123.898000 84.229000 39.669000 27.231000 12.438000
mrcuda 268435456 1 245.244000 189.520000 55.724000 48.308000 7.416000
mrcuda 268435456 1 220.234000 148.192000 72.042000 47.140000 24.902000
mrcuda 268435456 1 252.476000 196.371000 56.105000 48.963000 7.142000
mrcuda 268435456 1 241.898000 185.647000 56.251000 49.089000 7.162000
mrcuda 268435456 1 241.892000 168.858000 73.034000 49.542000 23.492000
mrcuda 268435456 1 248.038000 191.483000 56.555000 49.385000 7.170000
mrcuda 268435456 1 252.499000 194.118000 58.381000 51.197000 7.184000
mrcuda 268435456 1 248.137000 193.045000 55.092000 47.914000 7.178000
mrcuda 268435456 1 254.272000 196.495000 57.777000 50.621000 7.156000
mrcuda 268435456 1 252.081000 193.525000 58.556000 51.398000 7.158000
mrcuda 536870912 1 506.842000 397.599000 109.243000 94.933000 14.310000
mrcuda 536870912 1 479.271000 337.604000 141.667000 93.059000 48.608000
mrcuda 536870912 1 460.456000 318.992000 141.464000 92.834000 48.630000
mrcuda 536870912 1 488.063000 346.682000 141.381000 92.826000 48.555000
mrcuda 536870912 1 501.365000 394.098000 107.267000 92.932000 14.335000
mrcuda 536870912 1 495.773000 356.952000 138.821000 90.229000 48.592000
mrcuda 536870912 1 505.141000 397.456000 107.685000 93.376000 14.309000
mrcuda 536870912 1 499.718000 392.650000 107.068000 92.747000 14.321000
mrcuda 536870912 1 499.203000 391.356000 107.847000 93.523000 14.324000
mrcuda 536870912 1 502.987000 362.479000 140.508000 91.705000 48.803000
mrcuda 1048576 2 0.935000 0.739000 0.196000 0.186000 0.010000
mrcuda 1048576 2 0.920000 0.724000 0.196000 0.184000 0.012000
mrcuda 1048576 2 0.919000 0.721000 0.198000 0.188000 0.010000
mrcuda 1048576 2 0.967000 0.749000 0.218000 0.206000 0.012000
mrcuda 1048576 2 0.993000 0.792000 0.201000 0.188000 0.013000
mrcuda 1048576 2 0.927000 0.730000 0.197000 0.185000 0.012000
mrcuda 1048576 2 1.249000 0.915000 0.334000 0.316000 0.018000
mrcuda 1048576 2 0.924000 0.728000 0.196000 0.185000 0.011000
mrcuda 1048576 2 0.928000 0.731000 0.197000 0.185000 0.012000
mrcuda 1048576 2 0.997000 0.796000 0.201000 0.188000 0.013000
mrcuda 2097152 2 2.049000 1.597000 0.452000 0.390000 0.062000
mrcuda 2097152 2 2.015000 1.580000 0.435000 0.375000 0.060000
mrcuda 2097152 2 2.059000 1.624000 0.435000 0.377000 0.058000
mrcuda 2097152 2 2.118000 1.681000 0.437000 0.378000 0.059000
mrcuda 2097152 2 2.010000 1.586000 0.424000 0.368000 0.056000
mrcuda 2097152 2 2.114000 1.679000 0.435000 0.373000 0.062000
mrcuda 2097152 2 2.003000 1.581000 0.422000 0.365000 0.057000
mrcuda 2097152 2 2.010000 1.586000 0.424000 0.367000 0.057000
mrcuda 2097152 2 2.103000 1.670000 0.433000 0.374000 0.059000
mrcuda 2097152 2 2.137000 1.674000 0.463000 0.404000 0.059000
mrcuda 4194304 2 3.745000 2.785000 0.960000 0.696000 0.264000
mrcuda 4194304 2 3.890000 3.107000 0.783000 0.679000 0.104000
mrcuda 4194304 2 3.941000 3.167000 0.774000 0.669000 0.105000
mrcuda 4194304 2 3.957000 3.185000 0.772000 0.668000 0.104000
mrcuda 4194304 2 4.513000 3.551000 0.962000 0.826000 0.136000
mrcuda 4194304 2 4.143000 3.314000 0.829000 0.716000 0.113000
mrcuda 4194304 2 3.863000 3.087000 0.776000 0.671000 0.105000
mrcuda 4194304 2 3.962000 3.184000 0.778000 0.673000 0.105000
mrcuda 4194304 2 3.966000 3.187000 0.779000 0.675000 0.104000
mrcuda 4194304 2 3.944000 3.171000 0.773000 0.667000 0.106000
mrcuda 8388608 2 5.682000 3.946000 1.736000 1.406000 0.330000
mrcuda 8388608 2 5.848000 4.078000 1.770000 1.419000 0.351000
mrcuda 8388608 2 5.670000 3.972000 1.698000 1.365000 0.333000
mrcuda 8388608 2 5.633000 3.939000 1.694000 1.361000 0.333000
mrcuda 8388608 2 5.538000 3.593000 1.945000 1.454000 0.491000
mrcuda 8388608 2 5.679000 3.979000 1.700000 1.371000 0.329000
mrcuda 8388608 2 5.707000 3.989000 1.718000 1.372000 0.346000
mrcuda 8388608 2 5.798000 4.077000 1.721000 1.394000 0.327000
mrcuda 8388608 2 5.856000 4.089000 1.767000 1.408000 0.359000
mrcuda 8388608 2 5.617000 3.884000 1.733000 1.408000 0.325000
mrcuda 16777216 2 12.637000 9.314000 3.323000 3.011000 0.312000
mrcuda 16777216 2 14.019000 10.108000 3.911000 2.958000 0.953000
mrcuda 16777216 2 13.594000 9.358000 4.236000 3.045000 1.191000
mrcuda 16777216 2 13.640000 10.043000 3.597000 2.822000 0.775000
mrcuda 16777216 2 13.611000 9.253000 4.358000 3.292000 1.066000
mrcuda 16777216 2 15.001000 10.526000 4.475000 3.313000 1.162000
mrcuda 16777216 2 13.606000 10.003000 3.603000 2.819000 0.784000
mrcuda 16777216 2 13.891000 10.236000 3.655000 2.858000 0.797000
mrcuda 16777216 2 14.015000 9.950000 4.065000 3.073000 0.992000
mrcuda 16777216 2 13.109000 9.348000 3.761000 2.866000 0.895000
mrcuda 33554432 2 25.229000 17.308000 7.921000 5.808000 2.113000
mrcuda 33554432 2 25.295000 16.646000 8.649000 6.085000 2.564000
mrcuda 33554432 2 24.536000 16.611000 7.925000 5.849000 2.076000
mrcuda 33554432 2 24.911000 16.728000 8.183000 6.026000 2.157000
mrcuda 33554432 2 25.051000 17.238000 7.813000 5.821000 1.992000
mrcuda 33554432 2 25.476000 16.758000 8.718000 6.181000 2.537000
mrcuda 33554432 2 25.003000 16.858000 8.145000 6.013000 2.132000
mrcuda 33554432 2 24.772000 16.793000 7.979000 5.904000 2.075000
mrcuda 33554432 2 24.515000 16.820000 7.695000 5.738000 1.957000
mrcuda 33554432 2 24.666000 16.669000 7.997000 5.907000 2.090000
mrcuda 67108864 2 63.553000 41.255000 22.298000 18.123000 4.175000
mrcuda 67108864 2 59.044000 37.920000 21.124000 17.295000 3.829000
mrcuda 67108864 2 60.809000 38.806000 22.003000 13.910000 8.093000
mrcuda 67108864 2 60.421000 39.802000 20.619000 18.059000 2.560000
mrcuda 67108864 2 57.090000 35.416000 21.674000 13.396000 8.278000
mrcuda 67108864 2 63.989000 41.957000 22.032000 18.833000 3.199000
mrcuda 67108864 2 56.653000 34.705000 21.948000 12.944000 9.004000
mrcuda 67108864 2 57.105000 35.091000 22.014000 13.254000 8.760000
mrcuda 67108864 2 64.699000 41.964000 22.735000 19.033000 3.702000
mrcuda 67108864 2 51.247000 33.340000 17.907000 15.351000 2.556000
mrcuda 134217728 2 108.127000 70.938000 37.189000 24.356000 12.833000
mrcuda 134217728 2 122.008000 80.119000 41.889000 29.070000 12.819000
mrcuda 134217728 2 111.459000 71.761000 39.698000 26.833000 12.865000
mrcuda 134217728 2 116.223000 74.689000 41.534000 28.793000 12.741000
mrcuda 134217728 2 120.129000 83.411000 36.718000 33.084000 3.634000
mrcuda 134217728 2 120.787000 79.283000 41.504000 28.657000 12.847000
mrcuda 134217728 2 108.678000 73.540000 35.138000 31.517000 3.621000
mrcuda 134217728 2 124.712000 84.096000 40.616000 36.974000 3.642000
mrcuda 134217728 2 128.982000 86.725000 42.257000 29.349000 12.908000
mrcuda 134217728 2 123.239000 82.604000 40.635000 37.001000 3.634000
mrcuda 268435456 2 238.166000 173.331000 64.835000 57.619000 7.216000
mrcuda 268435456 2 244.339000 183.025000 61.314000 53.868000 7.446000
mrcuda 268435456 2 240.952000 176.445000 64.507000 57.032000 7.475000
mrcuda 268435456 2 226.331000 148.950000 77.381000 52.575000 24.806000
mrcuda 268435456 2 242.459000 179.642000 62.817000 55.641000 7.176000
mrcuda 268435456 2 248.493000 171.155000 77.338000 52.515000 24.823000
mrcuda 268435456 2 242.194000 165.996000 76.198000 51.412000 24.786000
mrcuda 268435456 2 239.614000 178.331000 61.283000 54.076000 7.207000
mrcuda 268435456 2 247.624000 182.631000 64.993000 57.825000 7.168000
mrcuda 268435456 2 240.369000 179.529000 60.840000 53.633000 7.207000
mrcuda 536870912 2 509.763000 364.184000 145.579000 96.633000 48.946000
mrcuda 536870912 2 504.888000 387.051000 117.837000 103.537000 14.300000
mrcuda 536870912 2 478.996000 336.020000 142.976000 93.267000 49.709000
mrcuda 536870912 2 494.622000 381.788000 112.834000 98.551000 14.283000
mrcuda 536870912 2 514.350000 374.026000 140.324000 92.381000 47.943000
mrcuda 536870912 2 476.377000 335.287000 141.090000 92.102000 48.988000
mrcuda 536870912 2 489.361000 376.937000 112.424000 98.136000 14.288000
mrcuda 536870912 2 498.721000 380.916000 117.805000 103.509000 14.296000
mrcuda 536870912 2 511.321000 367.343000 143.978000 94.281000 49.697000
mrcuda 536870912 2 527.031000 378.977000 148.054000 99.205000 48.849000
mrcuda 1048576 4 0.991000 0.799000 0.192000 0.178000 0.014000
mrcuda 1048576 4 3.447000 3.249000 0.198000 0.185000 0.013000
mrcuda 1048576 4 1.065000 0.873000 0.192000 0.178000 0.014000
mrcuda 1048576 4 0.987000 0.795000 0.192000 0.179000 0.013000
mrcuda 1048576 4 0.992000 0.802000 0.190000 0.177000 0.013000
mrcuda 1048576 4 1.043000 0.855000 0.188000 0.176000 0.012000
mrcuda 1048576 4 0.985000 0.801000 0.184000 0.173000 0.011000
mrcuda 1048576 4 0.991000 0.798000 0.193000 0.183000 0.010000
mrcuda 1048576 4 3.022000 2.823000 0.199000 0.187000 0.012000
mrcuda 1048576 4 1.155000 0.956000 0.199000 0.186000 0.013000
mrcuda 2097152 4 1.717000 1.371000 0.346000 0.332000 0.014000
mrcuda 2097152 4 1.751000 1.408000 0.343000 0.329000 0.014000
mrcuda 2097152 4 1.677000 1.350000 0.327000 0.317000 0.010000
mrcuda 2097152 4 1.716000 1.375000 0.341000 0.329000 0.012000
mrcuda 2097152 4 1.676000 1.343000 0.333000 0.322000 0.011000
mrcuda 2097152 4 1.800000 1.450000 0.350000 0.338000 0.012000
mrcuda 2097152 4 1.693000 1.355000 0.338000 0.326000 0.012000
mrcuda 2097152 4 1.682000 1.346000 0.336000 0.324000 0.012000
mrcuda 2097152 4 1.744000 1.358000 0.386000 0.370000 0.016000
mrcuda 2097152 4 1.816000 1.476000 0.340000 0.326000 0.014000
mrcuda 4194304 4 3.550000 2.783000 0.767000 0.700000 0.067000
mrcuda 4194304 4 3.423000 2.711000 0.712000 0.654000 0.058000
mrcuda 4194304 4 3.583000 2.783000 0.800000 0.736000 0.064000
mrcuda 4194304 4 5.885000 4.187000 1.698000 1.548000 0.150000
mrcuda 4194304 4 3.529000 2.824000 0.705000 0.641000 0.064000
mrcuda 4194304 4 3.471000 2.729000 0.742000 0.680000 0.062000
mrcuda 4194304 4 3.353000 2.658000 0.695000 0.639000 0.056000
mrcuda 4194304 4 3.709000 2.923000 0.786000 0.716000 0.070000
mrcuda 4194304 4 3.498000 2.786000 0.712000 0.649000 0.063000
mrcuda 4194304 4 3.576000 2.859000 0.717000 0.656000 0.061000
mrcuda 8388608 4 6.594000 5.240000 1.354000 1.246000 0.108000
mrcuda 8388608 4 6.828000 5.378000 1.450000 1.344000 0.106000
mrcuda 8388608 4 7.040000 5.553000 1.487000 1.370000 0.117000
mrcuda 8388608 4 6.724000 5.343000 1.381000 1.275000 0.106000
mrcuda 8388608 4 6.614000 5.253000 1.361000 1.258000 0.103000
mrcuda 8388608 4 6.396000 4.886000 1.510000 1.245000 0.265000
mrcuda 8388608 4 6.952000 5.502000 1.450000 1.338000 0.112000
mrcuda 8388608 4 7.240000 5.683000 1.557000 1.452000 0.105000
mrcuda 8388608 4 6.699000 5.067000 1.632000 1.351000 0.281000
mrcuda 8388608 4 6.914000 5.456000 1.458000 1.338000 0.120000
mrcuda 16777216 4 9.951000 6.829000 3.122000 2.768000 0.354000
mrcuda 16777216 4 10.170000 7.047000 3.123000 2.760000 0.363000
mrcuda 16777216 4 9.775000 6.841000 2.934000 2.804000 0.130000
mrcuda 16777216 4 9.743000 6.632000 3.111000 2.718000 0.393000
mrcuda 16777216 4 10.116000 6.973000 3.143000 2.786000 0.357000
mrcuda 16777216 4 10.216000 7.036000 3.180000 2.815000 0.365000
mrcuda 16777216 4 9.959000 6.930000 3.029000 2.700000 0.329000
mrcuda 16777216 4 9.212000 6.275000 2.937000 2.747000 0.190000
mrcuda 16777216 4 10.096000 7.016000 3.080000 2.750000 0.330000
mrcuda 16777216 4 10.092000 6.990000 3.102000 2.775000 0.327000
mrcuda 33554432 4 23.026000 16.369000 6.657000 5.779000 0.878000
mrcuda 33554432 4 22.492000 15.710000 6.782000 5.887000 0.895000
mrcuda 33554432 4 23.226000 16.431000 6.795000 5.889000 0.906000
mrcuda 33554432 4 25.741000 18.500000 7.241000 6.957000 0.284000
mrcuda 33554432 4 21.224000 14.604000 6.620000 5.814000 0.806000
mrcuda 33554432 4 21.192000 14.223000 6.969000 6.006000 0.963000
mrcuda 33554432 4 20.961000 14.232000 6.729000 5.946000 0.783000
mrcuda 33554432 4 21.174000 14.554000 6.620000 5.793000 0.827000
mrcuda 33554432 4 23.943000 16.792000 7.151000 6.246000 0.905000
mrcuda 33554432 4 21.428000 14.482000 6.946000 6.002000 0.944000
mrcuda 67108864 4 39.010000 24.936000 14.074000 12.108000 1.966000
mrcuda 67108864 4 39.495000 26.352000 13.143000 12.575000 0.568000
mrcuda 67108864 4 43.984000 29.383000 14.601000 12.643000 1.958000
mrcuda 67108864 4 39.938000 26.091000 13.847000 11.866000 1.981000
mrcuda 67108864 4 40.975000 26.600000 14.375000 12.302000 2.073000
mrcuda 67108864 4 38.209000 23.900000 14.309000 12.148000 2.161000
mrcuda 67108864 4 40.407000 26.564000 13.843000 11.859000 1.984000
mrcuda 67108864 4 40.069000 26.113000 13.956000 11.819000 2.137000
mrcuda 67108864 4 46.632000 31.668000 14.964000 14.356000 0.608000
mrcuda 67108864 4 58.360000 40.507000 17.853000 17.235000 0.618000
mrcuda 134217728 4 111.745000 73.345000 38.400000 32.730000 5.670000
mrcuda 134217728 4 114.020000 71.420000 42.600000 26.520000 16.080000
mrcuda 134217728 4 122.724000 80.425000 42.299000 35.278000 7.021000
mrcuda 134217728 4 122.452000 81.276000 41.176000 35.542000 5.634000
mrcuda 134217728 4 104.327000 69.186000 35.141000 21.885000 13.256000
mrcuda 134217728 4 109.216000 68.779000 40.437000 24.722000 15.715000
mrcuda 134217728 4 120.443000 78.738000 41.705000 35.236000 6.469000
mrcuda 134217728 4 113.624000 72.038000 41.586000 24.675000 16.911000
mrcuda 134217728 4 114.948000 71.542000 43.406000 25.199000 18.207000
mrcuda 134217728 4 110.794000 69.342000 41.452000 24.897000 16.555000
mrcuda 268435456 4 234.856000 152.943000 81.913000 56.011000 25.902000
mrcuda 268435456 4 225.995000 146.899000 79.096000 53.644000 25.452000
mrcuda 268435456 4 236.072000 159.810000 76.262000 68.996000 7.266000
mrcuda 268435456 4 231.247000 156.048000 75.199000 67.935000 7.264000
mrcuda 268435456 4 236.393000 157.137000 79.256000 53.726000 25.530000
mrcuda 268435456 4 225.248000 146.332000 78.916000 53.107000 25.809000
mrcuda 268435456 4 238.730000 164.085000 74.645000 67.368000 7.277000
mrcuda 268435456 4 223.532000 145.549000 77.983000 52.418000 25.565000
mrcuda 268435456 4 237.035000 155.062000 81.973000 56.408000 25.565000
mrcuda 268435456 4 233.799000 155.648000 78.151000 70.861000 7.290000
mrcuda 536870912 4 486.770000 360.408000 126.362000 111.975000 14.387000
mrcuda 536870912 4 465.610000 315.544000 150.066000 100.521000 49.545000
mrcuda 536870912 4 472.317000 321.161000 151.156000 101.322000 49.834000
mrcuda 536870912 4 442.889000 293.686000 149.203000 99.519000 49.684000
mrcuda 536870912 4 481.301000 355.161000 126.140000 111.297000 14.843000
mrcuda 536870912 4 484.150000 329.640000 154.510000 104.755000 49.755000
mrcuda 536870912 4 467.191000 314.220000 152.971000 103.308000 49.663000
mrcuda 536870912 4 496.618000 341.736000 154.882000 105.121000 49.761000
mrcuda 536870912 4 481.554000 357.254000 124.300000 109.938000 14.362000
mrcuda 536870912 4 479.857000 350.472000 129.385000 114.999000 14.386000
mrcuda 1048576 8 5.217000 4.858000 0.359000 0.340000 0.019000
mrcuda 1048576 8 5.968000 5.675000 0.293000 0.272000 0.021000
mrcuda 1048576 8 1.227000 1.007000 0.220000 0.204000 0.016000
mrcuda 1048576 8 1.202000 0.988000 0.214000 0.200000 0.014000
mrcuda 1048576 8 1.206000 0.999000 0.207000 0.195000 0.012000
mrcuda 1048576 8 1.189000 0.976000 0.213000 0.196000 0.017000
mrcuda 1048576 8 1.210000 0.988000 0.222000 0.207000 0.015000
mrcuda 1048576 8 4.642000 4.381000 0.261000 0.244000 0.017000
mrcuda 1048576 8 1.208000 1.003000 0.205000 0.190000 0.015000
mrcuda 1048576 8 5.976000 5.438000 0.538000 0.505000 0.033000
mrcuda 2097152 8 3.883000 3.486000 0.397000 0.380000 0.017000
mrcuda 2097152 8 5.846000 5.381000 0.465000 0.445000 0.020000
mrcuda 2097152 8 1.896000 1.548000 0.348000 0.332000 0.016000
mrcuda 2097152 8 1.917000 1.567000 0.350000 0.336000 0.014000
mrcuda 2097152 8 4.152000 3.691000 0.461000 0.442000 0.019000
mrcuda 2097152 8 4.265000 3.910000 0.355000 0.338000 0.017000
mrcuda 2097152 8 1.919000 1.528000 0.391000 0.373000 0.018000
mrcuda 2097152 8 1.831000 1.480000 0.351000 0.334000 0.017000
mrcuda 2097152 8 1.880000 1.526000 0.354000 0.338000 0.016000
mrcuda 2097152 8 1.922000 1.571000 0.351000 0.333000 0.018000
mrcuda 4194304 8 2.980000 2.363000 0.617000 0.597000 0.020000
mrcuda 4194304 8 2.966000 2.347000 0.619000 0.599000 0.020000
mrcuda 4194304 8 3.228000 2.541000 0.687000 0.668000 0.019000
mrcuda 4194304 8 3.153000 2.472000 0.681000 0.664000 0.017000
mrcuda 4194304 8 3.166000 2.502000 0.664000 0.643000 0.021000
mrcuda 4194304 8 3.095000 2.486000 0.609000 0.591000 0.018000
mrcuda 4194304 8 3.041000 2.447000 0.594000 0.579000 0.015000
mrcuda 4194304 8 2.948000 2.325000 0.623000 0.608000 0.015000
mrcuda 4194304 8 3.196000 2.511000 0.685000 0.664000 0.021000
mrcuda 4194304 8 3.110000 2.456000 0.654000 0.636000 0.018000
mrcuda 8388608 8 6.444000 5.014000 1.430000 1.356000 0.074000
mrcuda 8388608 8 6.294000 4.902000 1.392000 1.325000 0.067000
mrcuda 8388608 8 6.066000 4.780000 1.286000 1.220000 0.066000
mrcuda 8388608 8 6.081000 4.823000 1.258000 1.192000 0.066000
mrcuda 8388608 8 6.657000 5.059000 1.598000 1.530000 0.068000
mrcuda 8388608 8 6.593000 5.025000 1.568000 1.497000 0.071000
mrcuda 8388608 8 5.994000 4.751000 1.243000 1.180000 0.063000
mrcuda 8388608 8 6.272000 4.917000 1.355000 1.287000 0.068000
mrcuda 8388608 8 6.542000 5.116000 1.426000 1.358000 0.068000
mrcuda 8388608 8 6.416000 4.991000 1.425000 1.362000 0.063000
mrcuda 16777216 8 13.382000 10.197000 3.185000 3.077000 0.108000
mrcuda 16777216 8 12.906000 9.827000 3.079000 2.964000 0.115000
mrcuda 16777216 8 12.948000 9.935000 3.013000 2.903000 0.110000
mrcuda 16777216 8 13.304000 9.888000 3.416000 3.128000 0.288000
mrcuda 16777216 8 12.979000 9.841000 3.138000 3.026000 0.112000
mrcuda 16777216 8 13.641000 10.303000 3.338000 3.291000 0.047000
mrcuda 16777216 8 13.474000 10.180000 3.294000 3.179000 0.115000
mrcuda 16777216 8 12.610000 9.668000 2.942000 2.827000 0.115000
mrcuda 16777216 8 12.848000 9.793000 3.055000 2.942000 0.113000
mrcuda 16777216 8 12.443000 9.585000 2.858000 2.744000 0.114000
mrcuda 33554432 8 18.539000 12.614000 5.925000 5.581000 0.344000
mrcuda 33554432 8 18.760000 12.852000 5.908000 5.569000 0.339000
mrcuda 33554432 8 18.153000 12.416000 5.737000 5.599000 0.138000
mrcuda 33554432 8 19.318000 13.249000 6.069000 5.720000 0.349000
mrcuda 33554432 8 18.594000 12.738000 5.856000 5.504000 0.352000
mrcuda 33554432 8 18.865000 12.907000 5.958000 5.608000 0.350000
mrcuda 33554432 8 18.865000 12.814000 6.051000 5.900000 0.151000
mrcuda 33554432 8 18.611000 12.421000 6.190000 5.695000 0.495000
mrcuda 33554432 8 19.256000 13.146000 6.110000 5.778000 0.332000
mrcuda 33554432 8 19.323000 13.148000 6.175000 5.781000 0.394000
mrcuda 67108864 8 58.322000 38.833000 19.489000 18.133000 1.356000
mrcuda 67108864 8 44.110000 29.527000 14.583000 14.264000 0.319000
mrcuda 67108864 8 35.869000 23.367000 12.502000 12.074000 0.428000
mrcuda 67108864 8 44.917000 30.511000 14.406000 14.134000 0.272000
mrcuda 67108864 8 46.030000 31.506000 14.524000 13.702000 0.822000
mrcuda 67108864 8 44.963000 29.709000 15.254000 14.337000 0.917000
mrcuda 67108864 8 46.684000 31.347000 15.337000 14.986000 0.351000
mrcuda 67108864 8 56.441000 38.744000 17.697000 16.802000 0.895000
mrcuda 67108864 8 45.077000 30.200000 14.877000 13.967000 0.910000
mrcuda 67108864 8 44.377000 29.604000 14.773000 14.431000 0.342000
mrcuda 134217728 8 98.295000 64.618000 33.677000 31.507000 2.170000
mrcuda 134217728 8 97.050000 64.230000 32.820000 30.891000 1.929000
mrcuda 134217728 8 102.576000 66.962000 35.614000 34.848000 0.766000
mrcuda 134217728 8 91.182000 60.928000 30.254000 28.154000 2.100000
mrcuda 134217728 8 107.054000 71.655000 35.399000 33.281000 2.118000
mrcuda 134217728 8 102.316000 68.512000 33.804000 31.790000 2.014000
mrcuda 134217728 8 105.564000 70.980000 34.584000 32.601000 1.983000
mrcuda 134217728 8 87.914000 57.132000 30.782000 28.790000 1.992000
mrcuda 134217728 8 86.530000 56.279000 30.251000 28.147000 2.104000
mrcuda 134217728 8 118.802000 82.195000 36.607000 35.853000 0.754000
mrcuda 268435456 8 233.207000 152.638000 80.569000 67.764000 12.805000
mrcuda 268435456 8 221.431000 144.927000 76.504000 63.579000 12.925000
mrcuda 268435456 8 225.930000 140.295000 85.635000 50.501000 35.134000
mrcuda 268435456 8 222.259000 145.665000 76.594000 64.531000 12.063000
mrcuda 268435456 8 224.421000 149.221000 75.200000 64.357000 10.843000
mrcuda 268435456 8 232.957000 144.897000 88.060000 51.343000 36.717000
mrcuda 268435456 8 225.987000 149.613000 76.374000 66.119000 10.255000
mrcuda 268435456 8 221.024000 139.268000 81.756000 49.252000 32.504000
mrcuda 268435456 8 230.162000 143.982000 86.180000 50.742000 35.438000
mrcuda 268435456 8 228.447000 141.563000 86.884000 50.461000 36.423000
mrcuda 536870912 8 448.026000 290.237000 157.789000 104.211000 53.578000
mrcuda 536870912 8 450.884000 303.270000 147.614000 133.045000 14.569000
mrcuda 536870912 8 447.202000 307.395000 139.807000 125.282000 14.525000
mrcuda 536870912 8 469.019000 305.977000 163.042000 111.865000 51.177000
mrcuda 536870912 8 457.730000 308.886000 148.844000 134.288000 14.556000
mrcuda 536870912 8 464.303000 313.357000 150.946000 136.180000 14.766000
mrcuda 536870912 8 464.510000 309.633000 154.877000 140.255000 14.622000
mrcuda 536870912 8 447.620000 290.779000 156.841000 105.352000 51.489000
mrcuda 536870912 8 463.975000 308.848000 155.127000 140.587000 14.540000
mrcuda 536870912 8 451.918000 292.144000 159.774000 107.588000 52.186000
mrcuda 1048576 16 7.879000 7.495000 0.384000 0.361000 0.023000
mrcuda 1048576 16 3.567000 3.263000 0.304000 0.283000 0.021000
mrcuda 1048576 16 4.200000 3.880000 0.320000 0.300000 0.020000
mrcuda 1048576 16 17.890000 17.373000 0.517000 0.474000 0.043000
mrcuda 1048576 16 3.322000 2.750000 0.572000 0.539000 0.033000
mrcuda 1048576 16 1.565000 1.270000 0.295000 0.276000 0.019000
mrcuda 1048576 16 9.939000 9.275000 0.664000 0.630000 0.034000
mrcuda 1048576 16 1.559000 1.270000 0.289000 0.272000 0.017000
mrcuda 1048576 16 23.784000 23.058000 0.726000 0.685000 0.041000
mrcuda 1048576 16 1.572000 1.274000 0.298000 0.280000 0.018000
mrcuda 2097152 16 6.542000 5.951000 0.591000 0.565000 0.026000
mrcuda 2097152 16 2.112000 1.715000 0.397000 0.380000 0.017000
mrcuda 2097152 16 2.068000 1.678000 0.390000 0.366000 0.024000
mrcuda 2097152 16 4.070000 3.681000 0.389000 0.368000 0.021000
mrcuda 2097152 16 2.121000 1.694000 0.427000 0.404000 0.023000
mrcuda 2097152 16 2.135000 1.717000 0.418000 0.393000 0.025000
mrcuda 2097152 16 2.140000 1.728000 0.412000 0.391000 0.021000
mrcuda 2097152 16 2.100000 1.706000 0.394000 0.377000 0.017000
mrcuda 2097152 16 3.811000 3.377000 0.434000 0.411000 0.023000
mrcuda 2097152 16 2.103000 1.723000 0.380000 0.364000 0.016000
mrcuda 4194304 16 3.394000 2.650000 0.744000 0.726000 0.018000
mrcuda 4194304 16 4.869000 3.248000 1.621000 1.568000 0.053000
mrcuda 4194304 16 3.287000 2.634000 0.653000 0.634000 0.019000
mrcuda 4194304 16 3.286000 2.609000 0.677000 0.658000 0.019000
mrcuda 4194304 16 3.420000 2.704000 0.716000 0.696000 0.020000
mrcuda 4194304 16 3.485000 2.723000 0.762000 0.737000 0.025000
mrcuda 4194304 16 5.870000 5.130000 0.740000 0.715000 0.025000
mrcuda 4194304 16 3.221000 2.563000 0.658000 0.635000 0.023000
mrcuda 4194304 16 3.232000 2.591000 0.641000 0.621000 0.020000
mrcuda 4194304 16 3.491000 2.764000 0.727000 0.705000 0.022000
mrcuda 8388608 16 5.612000 4.385000 1.227000 1.203000 0.024000
mrcuda 8388608 16 5.891000 4.446000 1.445000 1.420000 0.025000
mrcuda 8388608 16 5.698000 4.420000 1.278000 1.253000 0.025000
mrcuda 8388608 16 5.774000 4.480000 1.294000 1.271000 0.023000
mrcuda 8388608 16 5.358000 4.195000 1.163000 1.141000 0.022000
mrcuda 8388608 16 5.664000 4.318000 1.346000 1.318000 0.028000
mrcuda 8388608 16 5.760000 4.436000 1.324000 1.301000 0.023000
mrcuda 8388608 16 5.664000 4.390000 1.274000 1.248000 0.026000
mrcuda 8388608 16 5.563000 4.379000 1.184000 1.162000 0.022000
mrcuda 8388608 16 5.537000 4.357000 1.180000 1.156000 0.024000
mrcuda 16777216 16 12.717000 9.547000 3.170000 3.084000 0.086000
mrcuda 16777216 16 13.105000 9.760000 3.345000 3.266000 0.079000
mrcuda 16777216 16 12.299000 9.393000 2.906000 2.835000 0.071000
mrcuda 16777216 16 12.730000 9.494000 3.236000 3.159000 0.077000
mrcuda 16777216 16 12.151000 9.321000 2.830000 2.751000 0.079000
mrcuda 16777216 16 12.331000 9.399000 2.932000 2.856000 0.076000
mrcuda 16777216 16 11.993000 9.223000 2.770000 2.694000 0.076000
mrcuda 16777216 16 12.739000 9.573000 3.166000 3.091000 0.075000
mrcuda 16777216 16 12.230000 9.312000 2.918000 2.845000 0.073000
mrcuda 16777216 16 12.129000 9.372000 2.757000 2.676000 0.081000
mrcuda 33554432 16 26.468000 19.242000 7.226000 6.904000 0.322000
mrcuda 33554432 16 29.077000 21.141000 7.936000 7.796000 0.140000
mrcuda 33554432 16 27.557000 20.148000 7.409000 7.282000 0.127000
mrcuda 33554432 16 28.066000 20.478000 7.588000 7.446000 0.142000
mrcuda 33554432 16 28.166000 20.441000 7.725000 7.590000 0.135000
mrcuda 33554432 16 26.983000 19.890000 7.093000 6.964000 0.129000
mrcuda 33554432 16 27.766000 20.388000 7.378000 7.254000 0.124000
mrcuda 33554432 16 27.279000 20.119000 7.160000 7.027000 0.133000
mrcuda 33554432 16 28.281000 20.566000 7.715000 7.586000 0.129000
mrcuda 33554432 16 27.655000 20.247000 7.408000 7.268000 0.140000
mrcuda 67108864 16 38.977000 25.734000 13.243000 13.091000 0.152000
mrcuda 67108864 16 40.887000 26.850000 14.037000 13.583000 0.454000
mrcuda 67108864 16 41.540000 27.235000 14.305000 13.901000 0.404000
mrcuda 67108864 16 39.415000 26.201000 13.214000 12.825000 0.389000
mrcuda 67108864 16 39.259000 26.045000 13.214000 12.858000 0.356000
mrcuda 67108864 16 40.501000 26.418000 14.083000 13.923000 0.160000
mrcuda 67108864 16 39.918000 26.239000 13.679000 13.332000 0.347000
mrcuda 67108864 16 39.483000 26.038000 13.445000 13.100000 0.345000
mrcuda 67108864 16 39.794000 26.477000 13.317000 12.925000 0.392000
mrcuda 67108864 16 39.672000 26.224000 13.448000 13.096000 0.352000
mrcuda 134217728 16 110.449000 73.112000 37.337000 36.387000 0.950000
mrcuda 134217728 16 112.647000 74.968000 37.679000 36.753000 0.926000
mrcuda 134217728 16 111.723000 74.140000 37.583000 36.527000 1.056000
mrcuda 134217728 16 100.239000 66.089000 34.150000 33.817000 0.333000
mrcuda 134217728 16 103.959000 68.700000 35.259000 34.328000 0.931000
mrcuda 134217728 16 114.452000 76.172000 38.280000 37.362000 0.918000
mrcuda 134217728 16 100.998000 66.879000 34.119000 33.071000 1.048000
mrcuda 134217728 16 99.475000 65.231000 34.244000 33.324000 0.920000
mrcuda 134217728 16 108.892000 72.598000 36.294000 35.374000 0.920000
mrcuda 134217728 16 100.575000 66.365000 34.210000 33.309000 0.901000
mrcuda 268435456 16 227.550000 152.920000 74.630000 72.497000 2.133000
mrcuda 268435456 16 231.725000 156.161000 75.564000 73.384000 2.180000
mrcuda 268435456 16 236.311000 160.089000 76.222000 73.997000 2.225000
mrcuda 268435456 16 233.263000 157.398000 75.865000 73.638000 2.227000
mrcuda 268435456 16 259.054000 179.131000 79.923000 79.284000 0.639000
mrcuda 268435456 16 224.872000 150.461000 74.411000 72.265000 2.146000
mrcuda 268435456 16 240.659000 163.180000 77.479000 76.539000 0.940000
mrcuda 268435456 16 240.905000 163.333000 77.572000 75.421000 2.151000
mrcuda 268435456 16 226.756000 152.186000 74.570000 72.543000 2.027000
mrcuda 268435456 16 218.639000 147.308000 71.331000 69.303000 2.028000
mrcuda 536870912 16 466.189000 302.429000 163.760000 135.113000 28.647000
mrcuda 536870912 16 445.939000 279.591000 166.348000 99.044000 67.304000
mrcuda 536870912 16 444.802000 280.507000 164.295000 98.781000 65.514000
mrcuda 536870912 16 446.915000 282.117000 164.798000 99.218000 65.580000
mrcuda 536870912 16 464.871000 288.780000 176.091000 106.966000 69.125000
mrcuda 536870912 16 436.060000 283.795000 152.265000 128.483000 23.782000
mrcuda 536870912 16 458.337000 300.953000 157.384000 134.592000 22.792000
mrcuda 536870912 16 458.338000 284.805000 173.533000 101.003000 72.530000
mrcuda 536870912 16 441.303000 282.803000 158.500000 130.810000 27.690000
mrcuda 536870912 16 450.095000 281.916000 168.179000 99.551000 68.628000
mrcuda 1048576 32 2.201000 1.822000 0.379000 0.354000 0.025000
mrcuda 1048576 32 2.291000 1.893000 0.398000 0.365000 0.033000
mrcuda 1048576 32 2.161000 1.788000 0.373000 0.347000 0.026000
mrcuda 1048576 32 2.176000 1.802000 0.374000 0.347000 0.027000
mrcuda 1048576 32 2.250000 1.829000 0.421000 0.397000 0.024000
mrcuda 1048576 32 2.207000 1.824000 0.383000 0.356000 0.027000
mrcuda 1048576 32 2.297000 1.862000 0.435000 0.404000 0.031000
mrcuda 1048576 32 1.816000 1.440000 0.376000 0.348000 0.028000
mrcuda 1048576 32 2.251000 1.838000 0.413000 0.381000 0.032000
mrcuda 1048576 32 6.098000 5.495000 0.603000 0.560000 0.043000
mrcuda 2097152 32 2.871000 2.278000 0.593000 0.566000 0.027000
mrcuda 2097152 32 2.876000 2.302000 0.574000 0.547000 0.027000
mrcuda 2097152 32 9.056000 8.133000 0.923000 0.883000 0.040000
mrcuda 2097152 32 2.909000 2.330000 0.579000 0.552000 0.027000
mrcuda 2097152 32 9.244000 8.628000 0.616000 0.580000 0.036000
mrcuda 2097152 32 2.863000 2.275000 0.588000 0.551000 0.037000
mrcuda 2097152 32 11.867000 10.649000 1.218000 1.166000 0.052000
mrcuda 2097152 32 3.033000 2.362000 0.671000 0.639000 0.032000
mrcuda 2097152 32 2.892000 2.317000 0.575000 0.548000 0.027000
mrcuda 2097152 32 9.322000 8.632000 0.690000 0.657000 0.033000
mrcuda 4194304 32 8.579000 7.492000 1.087000 1.048000 0.039000
mrcuda 4194304 32 4.012000 3.210000 0.802000 0.772000 0.030000
mrcuda 4194304 32 10.313000 9.269000 1.044000 1.010000 0.034000
mrcuda 4194304 32 11.279000 9.604000 1.675000 1.611000 0.064000
mrcuda 4194304 32 8.544000 7.564000 0.980000 0.942000 0.038000
mrcuda 4194304 32 3.411000 2.641000 0.770000 0.742000 0.028000
mrcuda 4194304 32 6.510000 5.676000 0.834000 0.802000 0.032000
mrcuda 4194304 32 3.836000 3.096000 0.740000 0.707000 0.033000
mrcuda 4194304 32 8.682000 7.404000 1.278000 1.233000 0.045000
mrcuda 4194304 32 7.139000 5.810000 1.329000 1.288000 0.041000
mrcuda 8388608 32 6.347000 4.836000 1.511000 1.474000 0.037000
mrcuda 8388608 32 5.993000 4.743000 1.250000 1.213000 0.037000
mrcuda 8388608 32 6.053000 4.800000 1.253000 1.217000 0.036000
mrcuda 8388608 32 6.161000 4.820000 1.341000 1.311000 0.030000
mrcuda 8388608 32 8.917000 7.392000 1.525000 1.483000 0.042000
mrcuda 8388608 32 6.221000 4.878000 1.343000 1.311000 0.032000
mrcuda 8388608 32 17.298000 15.495000 1.803000 1.758000 0.045000
mrcuda 8388608 32 8.934000 7.099000 1.835000 1.791000 0.044000
mrcuda 8388608 32 9.412000 7.644000 1.768000 1.729000 0.039000
mrcuda 8388608 32 6.272000 4.916000 1.356000 1.326000 0.030000
mrcuda 16777216 32 11.150000 8.461000 2.689000 2.654000 0.035000
mrcuda 16777216 32 11.191000 8.466000 2.725000 2.684000 0.041000
mrcuda 16777216 32 11.139000 8.462000 2.677000 2.637000 0.040000
mrcuda 16777216 32 11.160000 8.587000 2.573000 2.543000 0.030000
mrcuda 16777216 32 11.231000 8.544000 2.687000 2.648000 0.039000
mrcuda 16777216 32 12.598000 9.045000 3.553000 3.502000 0.051000
mrcuda 16777216 32 10.955000 8.492000 2.463000 2.423000 0.040000
mrcuda 16777216 32 11.456000 8.593000 2.863000 2.827000 0.036000
mrcuda 16777216 32 11.280000 8.465000 2.815000 2.779000 0.036000
mrcuda 16777216 32 10.946000 8.474000 2.472000 2.434000 0.038000
mrcuda 33554432 32 26.349000 18.940000 7.409000 7.293000 0.116000
mrcuda 33554432 32 27.094000 19.418000 7.676000 7.563000 0.113000
mrcuda 33554432 32 26.991000 19.485000 7.506000 7.392000 0.114000
mrcuda 33554432 32 25.549000 18.731000 6.818000 6.712000 0.106000
mrcuda 33554432 32 28.033000 19.938000 8.095000 7.988000 0.107000
mrcuda 33554432 32 25.042000 18.231000 6.811000 6.720000 0.091000
mrcuda 33554432 32 25.607000 18.413000 7.194000 7.099000 0.095000
mrcuda 33554432 32 26.260000 18.895000 7.365000 7.260000 0.105000
mrcuda 33554432 32 27.506000 19.566000 7.940000 7.838000 0.102000
mrcuda 33554432 32 26.676000 18.966000 7.710000 7.604000 0.106000
mrcuda 67108864 32 62.866000 44.209000 18.657000 18.470000 0.187000
mrcuda 67108864 32 59.006000 41.658000 17.348000 17.177000 0.171000
mrcuda 67108864 32 59.727000 42.299000 17.428000 17.274000 0.154000
mrcuda 67108864 32 59.561000 42.353000 17.208000 16.999000 0.209000
mrcuda 67108864 32 60.874000 42.931000 17.943000 17.777000 0.166000
mrcuda 67108864 32 59.777000 42.493000 17.284000 17.115000 0.169000
mrcuda 67108864 32 59.911000 42.059000 17.852000 17.704000 0.148000
mrcuda 67108864 32 60.743000 42.692000 18.051000 17.706000 0.345000
mrcuda 67108864 32 62.229000 42.654000 19.575000 19.489000 0.086000
mrcuda 67108864 32 59.490000 41.631000 17.859000 17.699000 0.160000
mrcuda 134217728 32 93.923000 59.020000 34.903000 34.475000 0.428000
mrcuda 134217728 32 91.037000 58.326000 32.711000 32.166000 0.545000
mrcuda 134217728 32 94.906000 59.412000 35.494000 35.072000 0.422000
mrcuda 134217728 32 91.374000 58.407000 32.967000 32.583000 0.384000
mrcuda 134217728 32 91.851000 57.887000 33.964000 33.572000 0.392000
mrcuda 134217728 32 99.557000 63.140000 36.417000 35.891000 0.526000
mrcuda 134217728 32 92.695000 59.250000 33.445000 33.073000 0.372000
mrcuda 134217728 32 92.156000 59.204000 32.952000 32.774000 0.178000
mrcuda 134217728 32 93.681000 60.042000 33.639000 33.202000 0.437000
mrcuda 134217728 32 91.498000 58.705000 32.793000 32.419000 0.374000
mrcuda 268435456 32 219.130000 143.946000 75.184000 74.123000 1.061000
mrcuda 268435456 32 219.583000 144.483000 75.100000 74.101000 0.999000
mrcuda 268435456 32 222.306000 147.377000 74.929000 73.962000 0.967000
mrcuda 268435456 32 223.384000 145.538000 77.846000 76.896000 0.950000
mrcuda 268435456 32 211.635000 138.018000 73.617000 72.667000 0.950000
mrcuda 268435456 32 218.067000 143.503000 74.564000 74.162000 0.402000
mrcuda 268435456 32 220.883000 144.024000 76.859000 76.475000 0.384000
mrcuda 268435456 32 221.223000 144.170000 77.053000 76.074000 0.979000
mrcuda 268435456 32 221.602000 145.439000 76.163000 75.069000 1.094000
mrcuda 268435456 32 219.537000 143.048000 76.489000 75.555000 0.934000
mrcuda 536870912 32 489.071000 332.970000 156.101000 153.885000 2.216000
mrcuda 536870912 32 472.945000 317.106000 155.839000 153.776000 2.063000
mrcuda 536870912 32 478.539000 321.798000 156.741000 154.505000 2.236000
mrcuda 536870912 32 492.389000 334.908000 157.481000 155.429000 2.052000
mrcuda 536870912 32 500.782000 340.337000 160.445000 158.338000 2.107000
mrcuda 536870912 32 493.872000 337.873000 155.999000 153.991000 2.008000
mrcuda 536870912 32 505.825000 346.454000 159.371000 157.368000 2.003000
mrcuda 536870912 32 476.222000 319.798000 156.424000 154.214000 2.210000
mrcuda 536870912 32 507.781000 348.468000 159.313000 157.269000 2.044000
mrcuda 536870912 32 505.932000 346.702000 159.230000 158.335000 0.895000
mrcuda 1048576 64 133.653000 132.099000 1.554000 1.449000 0.105000
mrcuda 1048576 64 3.940000 3.348000 0.592000 0.559000 0.033000
mrcuda 1048576 64 2.903000 2.392000 0.511000 0.480000 0.031000
mrcuda 1048576 64 8.664000 7.731000 0.933000 0.877000 0.056000
mrcuda 1048576 64 18.384000 17.210000 1.174000 1.100000 0.074000
mrcuda 1048576 64 11.418000 10.784000 0.634000 0.589000 0.045000
mrcuda 1048576 64 3.863000 3.292000 0.571000 0.537000 0.034000
mrcuda 1048576 64 3.926000 3.333000 0.593000 0.542000 0.051000
mrcuda 1048576 64 59.386000 57.958000 1.428000 1.327000 0.101000
mrcuda 1048576 64 3.849000 3.319000 0.530000 0.493000 0.037000
mrcuda 2097152 64 20.898000 19.730000 1.168000 1.100000 0.068000
mrcuda 2097152 64 4.272000 3.479000 0.793000 0.712000 0.081000
mrcuda 2097152 64 4.203000 3.475000 0.728000 0.695000 0.033000
mrcuda 2097152 64 4.197000 3.474000 0.723000 0.680000 0.043000
mrcuda 2097152 64 4.237000 3.461000 0.776000 0.727000 0.049000
mrcuda 2097152 64 4.469000 3.583000 0.886000 0.844000 0.042000
mrcuda 2097152 64 10.614000 9.430000 1.184000 1.121000 0.063000
mrcuda 2097152 64 4.229000 3.495000 0.734000 0.698000 0.036000
mrcuda 2097152 64 6.146000 5.424000 0.722000 0.690000 0.032000
mrcuda 2097152 64 4.168000 3.453000 0.715000 0.680000 0.035000
mrcuda 4194304 64 7.619000 6.208000 1.411000 1.359000 0.052000
mrcuda 4194304 64 8.104000 6.776000 1.328000 1.281000 0.047000
mrcuda 4194304 64 5.491000 4.358000 1.133000 1.094000 0.039000
mrcuda 4194304 64 5.484000 4.368000 1.116000 1.067000 0.049000
mrcuda 4194304 64 5.474000 4.339000 1.135000 1.095000 0.040000
mrcuda 4194304 64 12.918000 10.416000 2.502000 2.410000 0.092000
mrcuda 4194304 64 11.507000 9.228000 2.279000 2.183000 0.096000
mrcuda 4194304 64 5.805000 4.460000 1.345000 1.296000 0.049000
mrcuda 4194304 64 5.861000 4.491000 1.370000 1.322000 0.048000
mrcuda 4194304 64 5.825000 4.499000 1.326000 1.278000 0.048000
mrcuda 8388608 64 13.501000 10.687000 2.814000 2.740000 0.074000
mrcuda 8388608 64 17.404000 14.480000 2.924000 2.786000 0.138000
mrcuda 8388608 64 8.547000 6.366000 2.181000 2.114000 0.067000
mrcuda 8388608 64 7.429000 5.982000 1.447000 1.400000 0.047000
mrcuda 8388608 64 7.631000 6.048000 1.583000 1.531000 0.052000
mrcuda 8388608 64 11.502000 8.605000 2.897000 2.809000 0.088000
mrcuda 8388608 64 16.534000 13.239000 3.295000 3.192000 0.103000
mrcuda 8388608 64 10.863000 8.629000 2.234000 2.168000 0.066000
mrcuda 8388608 64 8.764000 6.476000 2.288000 2.220000 0.068000
mrcuda 8388608 64 7.518000 5.994000 1.524000 1.474000 0.050000
mrcuda 16777216 64 23.904000 19.352000 4.552000 4.462000 0.090000
mrcuda 16777216 64 25.222000 20.600000 4.622000 4.541000 0.081000
mrcuda 16777216 64 16.813000 12.666000 4.147000 4.071000 0.076000
mrcuda 16777216 64 25.302000 19.896000 5.406000 5.302000 0.104000
mrcuda 16777216 64 28.428000 24.021000 4.407000 4.319000 0.088000
mrcuda 16777216 64 28.034000 23.718000 4.316000 4.238000 0.078000
mrcuda 16777216 64 24.161000 20.041000 4.120000 4.039000 0.081000
mrcuda 16777216 64 15.716000 11.945000 3.771000 3.697000 0.074000
mrcuda 16777216 64 23.663000 19.227000 4.436000 4.346000 0.090000
mrcuda 16777216 64 15.744000 12.108000 3.636000 3.558000 0.078000
mrcuda 33554432 64 25.066000 17.492000 7.574000 7.497000 0.077000
mrcuda 33554432 64 22.141000 16.336000 5.805000 5.741000 0.064000
mrcuda 33554432 64 25.480000 17.798000 7.682000 7.596000 0.086000
mrcuda 33554432 64 25.319000 17.642000 7.677000 7.584000 0.093000
mrcuda 33554432 64 25.096000 17.651000 7.445000 7.353000 0.092000
mrcuda 33554432 64 25.157000 17.564000 7.593000 7.509000 0.084000
mrcuda 33554432 64 25.696000 17.942000 7.754000 7.668000 0.086000
mrcuda 33554432 64 25.613000 17.760000 7.853000 7.767000 0.086000
mrcuda 33554432 64 25.420000 17.677000 7.743000 7.654000 0.089000
mrcuda 33554432 64 25.029000 17.585000 7.444000 7.360000 0.084000
mrcuda 67108864 64 57.290000 39.881000 17.409000 17.251000 0.158000
mrcuda 67108864 64 57.310000 39.676000 17.634000 17.475000 0.159000
mrcuda 67108864 64 56.102000 39.059000 17.043000 16.884000 0.159000
mrcuda 67108864 64 57.423000 39.784000 17.639000 17.478000 0.161000
mrcuda 67108864 64 56.765000 39.417000 17.348000 17.175000 0.173000
mrcuda 67108864 64 55.988000 38.834000 17.154000 16.996000 0.158000
mrcuda 67108864 64 56.212000 39.220000 16.992000 16.851000 0.141000
mrcuda 67108864 64 56.202000 39.271000 16.931000 16.771000 0.160000
mrcuda 67108864 64 56.301000 39.105000 17.196000 17.039000 0.157000
mrcuda 67108864 64 49.448000 31.901000 17.547000 17.389000 0.158000
mrcuda 134217728 64 124.237000 86.078000 38.159000 37.928000 0.231000
mrcuda 134217728 64 123.110000 85.268000 37.842000 37.634000 0.208000
mrcuda 134217728 64 126.177000 87.751000 38.426000 38.197000 0.229000
mrcuda 134217728 64 124.534000 86.786000 37.748000 37.541000 0.207000
mrcuda 134217728 64 125.892000 87.673000 38.219000 37.999000 0.220000
mrcuda 134217728 64 124.006000 86.468000 37.538000 37.132000 0.406000
mrcuda 134217728 64 124.878000 86.743000 38.135000 37.925000 0.210000
mrcuda 134217728 64 123.368000 85.503000 37.865000 37.653000 0.212000
mrcuda 134217728 64 126.674000 88.310000 38.364000 38.138000 0.226000
mrcuda 134217728 64 126.037000 87.576000 38.461000 38.246000 0.215000
mrcuda 268435456 64 196.384000 122.708000 73.676000 73.200000 0.476000
mrcuda 268435456 64 198.221000 124.914000 73.307000 72.839000 0.468000
mrcuda 268435456 64 206.892000 130.737000 76.155000 75.535000 0.620000
mrcuda 268435456 64 194.181000 121.741000 72.440000 71.957000 0.483000
mrcuda 268435456 64 195.293000 123.353000 71.940000 71.491000 0.449000
mrcuda 268435456 64 199.689000 125.897000 73.792000 73.312000 0.480000
mrcuda 268435456 64 200.510000 126.509000 74.001000 73.506000 0.495000
mrcuda 268435456 64 200.606000 126.164000 74.442000 73.954000 0.488000
mrcuda 268435456 64 196.350000 124.801000 71.549000 71.085000 0.464000
mrcuda 268435456 64 198.692000 125.438000 73.254000 72.801000 0.453000
mrcuda 536870912 64 451.732000 295.239000 156.493000 155.426000 1.067000
mrcuda 536870912 64 450.853000 293.836000 157.017000 156.034000 0.983000
mrcuda 536870912 64 452.713000 298.161000 154.552000 154.099000 0.453000
mrcuda 536870912 64 448.789000 292.784000 156.005000 154.784000 1.221000
mrcuda 536870912 64 448.553000 293.581000 154.972000 154.501000 0.471000
mrcuda 536870912 64 454.189000 296.593000 157.596000 156.602000 0.994000
mrcuda 536870912 64 450.178000 293.844000 156.334000 155.330000 1.004000
mrcuda 536870912 64 454.259000 296.011000 158.248000 157.228000 1.020000
mrcuda 536870912 64 448.960000 295.070000 153.890000 152.899000 0.991000
mrcuda 536870912 64 462.741000 304.370000 158.371000 157.299000 1.072000
mrcuda 1048576 128 12.176000 10.743000 1.433000 1.338000 0.095000
mrcuda 1048576 128 7.329000 6.147000 1.182000 1.117000 0.065000
mrcuda 1048576 128 8.501000 7.500000 1.001000 0.931000 0.070000
mrcuda 1048576 128 9.168000 8.065000 1.103000 1.021000 0.082000
mrcuda 1048576 128 9.313000 8.326000 0.987000 0.912000 0.075000
mrcuda 1048576 128 6.728000 5.861000 0.867000 0.802000 0.065000
mrcuda 1048576 128 67.467000 65.980000 1.487000 1.381000 0.106000
mrcuda 1048576 128 6.877000 5.951000 0.926000 0.860000 0.066000
mrcuda 1048576 128 167.714000 165.422000 2.292000 2.129000 0.163000
mrcuda 1048576 128 265.376000 262.643000 2.733000 2.533000 0.200000
mrcuda 2097152 128 45.703000 43.552000 2.151000 2.013000 0.138000
mrcuda 2097152 128 12.075000 10.227000 1.848000 1.739000 0.109000
mrcuda 2097152 128 9.136000 8.107000 1.029000 0.968000 0.061000
mrcuda 2097152 128 20.669000 18.781000 1.888000 1.778000 0.110000
mrcuda 2097152 128 11.899000 10.477000 1.422000 1.345000 0.077000
mrcuda 2097152 128 7.869000 6.607000 1.262000 1.187000 0.075000
mrcuda 2097152 128 141.185000 139.620000 1.565000 1.469000 0.096000
mrcuda 2097152 128 68.264000 65.399000 2.865000 2.688000 0.177000
mrcuda 2097152 128 9.372000 8.082000 1.290000 1.202000 0.088000
mrcuda 2097152 128 83.310000 80.582000 2.728000 2.543000 0.185000
mrcuda 4194304 128 19.817000 16.157000 3.660000 3.478000 0.182000
mrcuda 4194304 128 9.024000 7.104000 1.920000 1.822000 0.098000
mrcuda 4194304 128 8.453000 6.903000 1.550000 1.492000 0.058000
mrcuda 4194304 128 8.913000 7.150000 1.763000 1.686000 0.077000
mrcuda 4194304 128 9.159000 7.217000 1.942000 1.855000 0.087000
mrcuda 4194304 128 40.823000 37.899000 2.924000 2.772000 0.152000
mrcuda 4194304 128 26.611000 23.945000 2.666000 2.528000 0.138000
mrcuda 4194304 128 8.776000 7.068000 1.708000 1.621000 0.087000
mrcuda 4194304 128 38.343000 35.140000 3.203000 3.046000 0.157000
mrcuda 4194304 128 8.580000 6.921000 1.659000 1.579000 0.080000
mrcuda 8388608 128 14.279000 10.897000 3.382000 3.256000 0.126000
mrcuda 8388608 128 11.239000 8.812000 2.427000 2.352000 0.075000
mrcuda 8388608 128 13.566000 10.756000 2.810000 2.714000 0.096000
mrcuda 8388608 128 11.410000 8.870000 2.540000 2.453000 0.087000
mrcuda 8388608 128 11.963000 9.091000 2.872000 2.704000 0.168000
mrcuda 8388608 128 12.202000 9.225000 2.977000 2.870000 0.107000
mrcuda 8388608 128 35.935000 31.218000 4.717000 4.532000 0.185000
mrcuda 8388608 128 10.776000 8.605000 2.171000 2.093000 0.078000
mrcuda 8388608 128 47.487000 43.547000 3.940000 3.783000 0.157000
mrcuda 8388608 128 11.579000 8.942000 2.637000 2.538000 0.099000
mrcuda 16777216 128 16.495000 12.361000 4.134000 4.021000 0.113000
mrcuda 16777216 128 29.628000 23.833000 5.795000 5.633000 0.162000
mrcuda 16777216 128 28.943000 22.213000 6.730000 6.527000 0.203000
mrcuda 16777216 128 27.954000 21.325000 6.629000 6.443000 0.186000
mrcuda 16777216 128 26.094000 20.450000 5.644000 5.474000 0.170000
mrcuda 16777216 128 21.603000 15.807000 5.796000 5.626000 0.170000
mrcuda 16777216 128 24.166000 17.867000 6.299000 6.119000 0.180000
mrcuda 16777216 128 16.915000 12.567000 4.348000 4.223000 0.125000
mrcuda 16777216 128 24.434000 20.439000 3.995000 3.886000 0.109000
mrcuda 16777216 128 39.322000 32.537000 6.785000 6.596000 0.189000
mrcuda 33554432 128 44.206000 34.515000 9.691000 9.510000 0.181000
mrcuda 33554432 128 26.416000 19.310000 7.106000 6.985000 0.121000
mrcuda 33554432 128 30.421000 20.770000 9.651000 9.480000 0.171000
mrcuda 33554432 128 49.661000 38.951000 10.710000 10.522000 0.188000
mrcuda 33554432 128 41.791000 31.248000 10.543000 10.354000 0.189000
mrcuda 33554432 128 42.642000 33.582000 9.060000 8.894000 0.166000
mrcuda 33554432 128 51.233000 40.438000 10.795000 10.604000 0.191000
mrcuda 33554432 128 38.380000 28.536000 9.844000 9.658000 0.186000
mrcuda 33554432 128 43.133000 32.467000 10.666000 10.486000 0.180000
mrcuda 33554432 128 50.707000 40.140000 10.567000 10.384000 0.183000
mrcuda 67108864 128 54.727000 36.194000 18.533000 18.318000 0.215000
mrcuda 67108864 128 53.595000 35.826000 17.769000 17.601000 0.168000
mrcuda 67108864 128 53.807000 35.832000 17.975000 17.802000 0.173000
mrcuda 67108864 128 54.799000 36.339000 18.460000 18.254000 0.206000
mrcuda 67108864 128 52.351000 35.465000 16.886000 16.700000 0.186000
mrcuda 67108864 128 55.956000 36.682000 19.274000 19.080000 0.194000
mrcuda 67108864 128 54.709000 36.224000 18.485000 18.303000 0.182000
mrcuda 67108864 128 50.326000 33.523000 16.803000 16.620000 0.183000
mrcuda 67108864 128 54.820000 36.068000 18.752000 18.553000 0.199000
mrcuda 67108864 128 53.455000 35.892000 17.563000 17.385000 0.178000
mrcuda 134217728 128 118.330000 80.876000 37.454000 37.186000 0.268000
mrcuda 134217728 128 117.721000 79.936000 37.785000 37.515000 0.270000
mrcuda 134217728 128 119.269000 81.275000 37.994000 37.718000 0.276000
mrcuda 134217728 128 119.548000 81.469000 38.079000 37.813000 0.266000
mrcuda 134217728 128 117.776000 80.598000 37.178000 36.928000 0.250000
mrcuda 134217728 128 117.626000 80.418000 37.208000 36.953000 0.255000
mrcuda 134217728 128 118.660000 80.968000 37.692000 37.419000 0.273000
mrcuda 134217728 128 118.910000 81.073000 37.837000 37.573000 0.264000
mrcuda 134217728 128 119.575000 81.842000 37.733000 37.434000 0.299000
mrcuda 134217728 128 117.995000 80.571000 37.424000 37.169000 0.255000
mrcuda 268435456 128 253.416000 174.950000 78.466000 78.144000 0.322000
mrcuda 268435456 128 249.525000 171.408000 78.117000 77.797000 0.320000
mrcuda 268435456 128 254.767000 175.993000 78.774000 78.442000 0.332000
mrcuda 268435456 128 249.266000 171.377000 77.889000 77.563000 0.326000
mrcuda 268435456 128 255.170000 176.020000 79.150000 78.813000 0.337000
mrcuda 268435456 128 254.868000 175.899000 78.969000 78.643000 0.326000
mrcuda 268435456 128 254.138000 175.550000 78.588000 78.259000 0.329000
mrcuda 268435456 128 246.374000 169.025000 77.349000 77.106000 0.243000
mrcuda 268435456 128 253.695000 175.089000 78.606000 78.267000 0.339000
mrcuda 268435456 128 253.187000 175.350000 77.837000 77.519000 0.318000
mrcuda 536870912 128 412.545000 257.997000 154.548000 153.971000 0.577000
mrcuda 536870912 128 412.912000 258.915000 153.997000 153.438000 0.559000
mrcuda 536870912 128 402.395000 250.128000 152.267000 151.697000 0.570000
mrcuda 536870912 128 414.555000 258.827000 155.728000 155.129000 0.599000
mrcuda 536870912 128 405.034000 251.400000 153.634000 153.098000 0.536000
mrcuda 536870912 128 412.662000 257.997000 154.665000 154.098000 0.567000
mrcuda 536870912 128 412.832000 259.361000 153.471000 152.897000 0.574000
mrcuda 536870912 128 404.358000 250.023000 154.335000 153.766000 0.569000
mrcuda 536870912 128 404.522000 250.643000 153.879000 153.330000 0.549000
mrcuda 536870912 128 414.075000 259.224000 154.851000 154.475000 0.376000
mrcuda 1048576 256 29.353000 26.055000 3.298000 3.044000 0.254000
mrcuda 1048576 256 18.128000 15.731000 2.397000 2.225000 0.172000
mrcuda 1048576 256 32.534000 29.854000 2.680000 2.476000 0.204000
mrcuda 1048576 256 18.535000 16.470000 2.065000 1.921000 0.144000
mrcuda 1048576 256 91.101000 87.233000 3.868000 3.562000 0.306000
mrcuda 1048576 256 29.846000 26.025000 3.821000 3.541000 0.280000
mrcuda 1048576 256 37.051000 34.308000 2.743000 2.533000 0.210000
mrcuda 1048576 256 12.218000 10.324000 1.894000 1.757000 0.137000
mrcuda 1048576 256 17.197000 14.521000 2.676000 2.476000 0.200000
mrcuda 1048576 256 168.073000 163.768000 4.305000 3.974000 0.331000
mrcuda 2097152 256 535.653000 530.755000 4.898000 4.575000 0.323000
mrcuda 2097152 256 84.795000 80.746000 4.049000 3.771000 0.278000
mrcuda 2097152 256 24.317000 21.270000 3.047000 2.856000 0.191000
mrcuda 2097152 256 29.504000 26.108000 3.396000 3.192000 0.204000
mrcuda 2097152 256 19.681000 17.247000 2.434000 2.280000 0.154000
mrcuda 2097152 256 25.082000 21.783000 3.299000 3.069000 0.230000
mrcuda 2097152 256 122.739000 119.416000 3.323000 3.111000 0.212000
mrcuda 2097152 256 22.868000 20.147000 2.721000 2.515000 0.206000
mrcuda 2097152 256 90.678000 86.644000 4.034000 3.761000 0.273000
mrcuda 2097152 256 535.514000 529.894000 5.620000 5.279000 0.341000
mrcuda 4194304 256 52.145000 46.968000 5.177000 4.869000 0.308000
mrcuda 4194304 256 45.467000 41.647000 3.820000 3.592000 0.228000
mrcuda 4194304 256 36.809000 32.454000 4.355000 4.092000 0.263000
mrcuda 4194304 256 21.874000 18.186000 3.688000 3.465000 0.223000
mrcuda 4194304 256 43.575000 38.913000 4.662000 4.358000 0.304000
mrcuda 4194304 256 15.710000 13.019000 2.691000 2.548000 0.143000
mrcuda 4194304 256 16.683000 13.509000 3.174000 2.975000 0.199000
mrcuda 4194304 256 16.648000 13.484000 3.164000 2.964000 0.200000
mrcuda 4194304 256 20.216000 16.431000 3.785000 3.585000 0.200000
mrcuda 4194304 256 23.752000 20.115000 3.637000 3.395000 0.242000
mrcuda 8388608 256 17.815000 14.282000 3.533000 3.352000 0.181000
mrcuda 8388608 256 19.567000 14.931000 4.636000 4.408000 0.228000
mrcuda 8388608 256 18.956000 14.584000 4.372000 4.171000 0.201000
mrcuda 8388608 256 54.804000 48.374000 6.430000 6.130000 0.300000
mrcuda 8388608 256 21.342000 16.777000 4.565000 4.338000 0.227000
mrcuda 8388608 256 24.213000 19.603000 4.610000 4.386000 0.224000
mrcuda 8388608 256 21.229000 16.992000 4.237000 4.049000 0.188000
mrcuda 8388608 256 21.615000 17.390000 4.225000 4.033000 0.192000
mrcuda 8388608 256 43.059000 36.160000 6.899000 6.557000 0.342000
mrcuda 8388608 256 20.944000 16.391000 4.553000 4.309000 0.244000
mrcuda 16777216 256 51.900000 42.348000 9.552000 9.196000 0.356000
mrcuda 16777216 256 53.096000 43.513000 9.583000 9.227000 0.356000
mrcuda 16777216 256 51.737000 42.102000 9.635000 9.266000 0.369000
mrcuda 16777216 256 26.981000 21.010000 5.971000 5.737000 0.234000
mrcuda 16777216 256 25.426000 18.828000 6.598000 6.349000 0.249000
mrcuda 16777216 256 46.307000 36.625000 9.682000 9.321000 0.361000
mrcuda 16777216 256 21.872000 17.219000 4.653000 4.464000 0.189000
mrcuda 16777216 256 23.875000 18.133000 5.742000 5.523000 0.219000
mrcuda 16777216 256 28.544000 20.955000 7.589000 7.316000 0.273000
mrcuda 16777216 256 46.414000 36.709000 9.705000 9.309000 0.396000
mrcuda 33554432 256 50.103000 36.052000 14.051000 13.672000 0.379000
mrcuda 33554432 256 53.824000 39.784000 14.040000 13.650000 0.390000
mrcuda 33554432 256 46.252000 31.811000 14.441000 14.012000 0.429000
mrcuda 33554432 256 45.537000 31.965000 13.572000 13.186000 0.386000
mrcuda 33554432 256 45.632000 32.038000 13.594000 13.218000 0.376000
mrcuda 33554432 256 32.872000 22.772000 10.100000 9.819000 0.281000
mrcuda 33554432 256 39.615000 28.146000 11.469000 11.158000 0.311000
mrcuda 33554432 256 62.600000 48.488000 14.112000 13.731000 0.381000
mrcuda 33554432 256 36.967000 26.208000 10.759000 10.464000 0.295000
mrcuda 33554432 256 38.173000 26.706000 11.467000 11.151000 0.316000
mrcuda 67108864 256 74.406000 51.546000 22.860000 22.456000 0.404000
mrcuda 67108864 256 75.648000 53.092000 22.556000 22.137000 0.419000
mrcuda 67108864 256 89.935000 66.128000 23.807000 23.373000 0.434000
mrcuda 67108864 256 84.170000 60.507000 23.663000 23.207000 0.456000
mrcuda 67108864 256 109.949000 87.193000 22.756000 22.322000 0.434000
mrcuda 67108864 256 90.876000 67.398000 23.478000 23.037000 0.441000
mrcuda 67108864 256 75.631000 52.386000 23.245000 22.798000 0.447000
mrcuda 67108864 256 68.314000 47.327000 20.987000 20.623000 0.364000
mrcuda 67108864 256 73.196000 50.715000 22.481000 22.058000 0.423000
mrcuda 67108864 256 61.773000 41.599000 20.174000 19.804000 0.370000
mrcuda 134217728 256 112.250000 73.205000 39.045000 38.630000 0.415000
mrcuda 134217728 256 112.995000 73.236000 39.759000 39.350000 0.409000
mrcuda 134217728 256 112.778000 73.371000 39.407000 39.025000 0.382000
mrcuda 134217728 256 111.357000 72.860000 38.497000 38.053000 0.444000
mrcuda 134217728 256 111.750000 73.005000 38.745000 38.324000 0.421000
mrcuda 134217728 256 107.991000 71.616000 36.375000 36.030000 0.345000
mrcuda 134217728 256 111.464000 72.801000 38.663000 38.261000 0.402000
mrcuda 134217728 256 113.377000 73.965000 39.412000 38.995000 0.417000
mrcuda 134217728 256 107.426000 69.272000 38.154000 37.738000 0.416000
mrcuda 134217728 256 111.807000 72.920000 38.887000 38.471000 0.416000
mrcuda 268435456 256 242.452000 164.837000 77.615000 77.081000 0.534000
mrcuda 268435456 256 241.497000 164.293000 77.204000 76.732000 0.472000
mrcuda 268435456 256 240.704000 162.262000 78.442000 77.938000 0.504000
mrcuda 268435456 256 242.716000 164.974000 77.742000 77.247000 0.495000
mrcuda 268435456 256 242.495000 164.141000 78.354000 77.867000 0.487000
mrcuda 268435456 256 240.439000 161.781000 78.658000 78.174000 0.484000
mrcuda 268435456 256 243.168000 164.140000 79.028000 78.563000 0.465000
mrcuda 268435456 256 241.054000 163.886000 77.168000 76.661000 0.507000
mrcuda 268435456 256 239.078000 161.204000 77.874000 77.380000 0.494000
mrcuda 268435456 256 241.819000 164.588000 77.231000 76.745000 0.486000
mrcuda 536870912 256 500.084000 341.178000 158.906000 158.366000 0.540000
mrcuda 536870912 256 501.354000 341.838000 159.516000 158.945000 0.571000
mrcuda 536870912 256 511.436000 352.872000 158.564000 158.015000 0.549000
mrcuda 536870912 256 512.113000 352.540000 159.573000 159.101000 0.472000
mrcuda 536870912 256 512.270000 353.857000 158.413000 157.848000 0.565000
mrcuda 536870912 256 512.952000 353.627000 159.325000 158.750000 0.575000
mrcuda 536870912 256 500.340000 341.579000 158.761000 158.223000 0.538000
mrcuda 536870912 256 504.690000 344.563000 160.127000 159.586000 0.541000
mrcuda 536870912 256 511.618000 354.086000 157.532000 156.953000 0.579000
mrcuda 536870912 256 504.052000 344.912000 159.140000 158.591000 0.549000
mrcuda 1048576 512 407.502000 399.062000 8.440000 7.775000 0.665000
mrcuda 1048576 512 237.281000 230.612000 6.669000 6.174000 0.495000
mrcuda 1048576 512 89.931000 85.901000 4.030000 3.682000 0.348000
mrcuda 1048576 512 360.942000 353.627000 7.315000 6.702000 0.613000
mrcuda 1048576 512 225.554000 219.410000 6.144000 5.648000 0.496000
mrcuda 1048576 512 450.346000 441.889000 8.457000 7.816000 0.641000
mrcuda 1048576 512 158.799000 152.814000 5.985000 5.522000 0.463000
mrcuda 1048576 512 185.305000 177.846000 7.459000 6.889000 0.570000
mrcuda 1048576 512 768.543000 758.317000 10.226000 9.415000 0.811000
mrcuda 1048576 512 596.040000 588.476000 7.564000 7.000000 0.564000
mrcuda 2097152 512 30.228000 24.218000 6.010000 5.570000 0.440000
mrcuda 2097152 512 53.880000 46.302000 7.578000 7.017000 0.561000
mrcuda 2097152 512 45.249000 38.536000 6.713000 6.232000 0.481000
mrcuda 2097152 512 64.047000 56.559000 7.488000 6.957000 0.531000
mrcuda 2097152 512 40.850000 35.386000 5.464000 5.057000 0.407000
mrcuda 2097152 512 50.910000 44.361000 6.549000 6.083000 0.466000
mrcuda 2097152 512 202.394000 193.625000 8.769000 8.131000 0.638000
mrcuda 2097152 512 59.491000 52.609000 6.882000 6.410000 0.472000
mrcuda 2097152 512 77.118000 71.038000 6.080000 5.628000 0.452000
mrcuda 2097152 512 77.376000 69.954000 7.422000 6.893000 0.529000
mrcuda 4194304 512 37.450000 30.438000 7.012000 6.527000 0.485000
mrcuda 4194304 512 142.670000 135.028000 7.642000 7.167000 0.475000
mrcuda 4194304 512 698.342000 686.380000 11.962000 11.075000 0.887000
mrcuda 4194304 512 72.983000 64.881000 8.102000 7.613000 0.489000
mrcuda 4194304 512 97.181000 88.450000 8.731000 8.197000 0.534000
mrcuda 4194304 512 115.023000 107.665000 7.358000 6.894000 0.464000
mrcuda 4194304 512 111.601000 104.686000 6.915000 6.437000 0.478000
mrcuda 4194304 512 41.654000 35.578000 6.076000 5.660000 0.416000
mrcuda 4194304 512 59.506000 52.899000 6.607000 6.198000 0.409000
mrcuda 4194304 512 51.138000 43.932000 7.206000 6.768000 0.438000
mrcuda 8388608 512 136.050000 126.541000 9.509000 8.952000 0.557000
mrcuda 8388608 512 37.788000 30.056000 7.732000 7.268000 0.464000
mrcuda 8388608 512 236.119000 225.507000 10.612000 9.927000 0.685000
mrcuda 8388608 512 38.620000 30.640000 7.980000 7.456000 0.524000
mrcuda 8388608 512 44.741000 36.405000 8.336000 7.832000 0.504000
mrcuda 8388608 512 73.234000 62.988000 10.246000 9.616000 0.630000
mrcuda 8388608 512 54.768000 45.343000 9.425000 8.812000 0.613000
mrcuda 8388608 512 45.751000 37.327000 8.424000 7.907000 0.517000
mrcuda 8388608 512 36.343000 30.519000 5.824000 5.478000 0.346000
mrcuda 8388608 512 37.742000 30.285000 7.457000 7.025000 0.432000
mrcuda 16777216 512 64.167000 52.356000 11.811000 11.203000 0.608000
mrcuda 16777216 512 51.689000 41.356000 10.333000 9.851000 0.482000
mrcuda 16777216 512 46.791000 35.180000 11.611000 11.048000 0.563000
mrcuda 16777216 512 70.776000 57.906000 12.870000 12.267000 0.603000
mrcuda 16777216 512 46.594000 36.591000 10.003000 9.505000 0.498000
mrcuda 16777216 512 43.363000 32.747000 10.616000 10.128000 0.488000
mrcuda 16777216 512 43.262000 32.869000 10.393000 9.886000 0.507000
mrcuda 16777216 512 38.673000 29.742000 8.931000 8.514000 0.417000
mrcuda 16777216 512 45.539000 35.179000 10.360000 9.818000 0.542000
mrcuda 16777216 512 42.707000 32.713000 9.994000 9.473000 0.521000
mrcuda 33554432 512 56.731000 40.593000 16.138000 15.483000 0.655000
mrcuda 33554432 512 56.869000 41.797000 15.072000 14.512000 0.560000
mrcuda 33554432 512 54.459000 38.720000 15.739000 15.169000 0.570000
mrcuda 33554432 512 53.085000 38.141000 14.944000 14.343000 0.601000
mrcuda 33554432 512 54.350000 38.767000 15.583000 14.984000 0.599000
mrcuda 33554432 512 77.846000 60.197000 17.649000 17.046000 0.603000
mrcuda 33554432 512 83.589000 65.829000 17.760000 17.099000 0.661000
mrcuda 33554432 512 57.713000 41.133000 16.580000 15.960000 0.620000
mrcuda 33554432 512 54.921000 38.842000 16.079000 15.472000 0.607000
mrcuda 33554432 512 54.098000 38.672000 15.426000 14.885000 0.541000
mrcuda 67108864 512 102.675000 74.374000 28.301000 27.535000 0.766000
mrcuda 67108864 512 97.301000 70.404000 26.897000 26.169000 0.728000
mrcuda 67108864 512 75.274000 52.779000 22.495000 21.858000 0.637000
mrcuda 67108864 512 79.955000 54.673000 25.282000 24.570000 0.712000
mrcuda 67108864 512 103.154000 74.496000 28.658000 27.872000 0.786000
mrcuda 67108864 512 96.868000 68.264000 28.604000 27.840000 0.764000
mrcuda 67108864 512 102.722000 75.858000 26.864000 26.144000 0.720000
mrcuda 67108864 512 102.672000 74.143000 28.529000 27.791000 0.738000
mrcuda 67108864 512 79.080000 54.274000 24.806000 24.154000 0.652000
mrcuda 67108864 512 80.189000 54.718000 25.471000 24.811000 0.660000
mrcuda 134217728 512 139.877000 91.213000 48.664000 47.875000 0.789000
mrcuda 134217728 512 130.348000 85.466000 44.882000 44.061000 0.821000
mrcuda 134217728 512 139.732000 92.137000 47.595000 46.767000 0.828000
mrcuda 134217728 512 133.676000 87.584000 46.092000 45.301000 0.791000
mrcuda 134217728 512 139.945000 92.253000 47.692000 46.865000 0.827000
mrcuda 134217728 512 141.672000 93.741000 47.931000 47.159000 0.772000
mrcuda 134217728 512 130.093000 85.538000 44.555000 43.798000 0.757000
mrcuda 134217728 512 136.510000 89.752000 46.758000 45.946000 0.812000
mrcuda 134217728 512 132.900000 86.313000 46.587000 45.785000 0.802000
mrcuda 134217728 512 139.914000 93.329000 46.585000 45.773000 0.812000
mrcuda 268435456 512 230.765000 148.207000 82.558000 81.729000 0.829000
mrcuda 268435456 512 230.722000 147.695000 83.027000 82.260000 0.767000
mrcuda 268435456 512 229.522000 146.861000 82.661000 81.750000 0.911000
mrcuda 268435456 512 228.624000 147.578000 81.046000 80.195000 0.851000
mrcuda 268435456 512 230.561000 147.787000 82.774000 81.968000 0.806000
mrcuda 268435456 512 230.934000 148.116000 82.818000 82.012000 0.806000
mrcuda 268435456 512 229.169000 147.767000 81.402000 80.544000 0.858000
mrcuda 268435456 512 229.795000 147.481000 82.314000 81.440000 0.874000
mrcuda 268435456 512 231.352000 148.148000 83.204000 82.363000 0.841000
mrcuda 268435456 512 231.133000 148.043000 83.090000 82.275000 0.815000
mrcuda 536870912 512 492.669000 330.833000 161.836000 160.954000 0.882000
mrcuda 536870912 512 483.503000 324.071000 159.432000 158.513000 0.919000
mrcuda 536870912 512 493.584000 331.779000 161.805000 160.908000 0.897000
mrcuda 536870912 512 492.194000 330.418000 161.776000 160.821000 0.955000
mrcuda 536870912 512 493.629000 332.290000 161.339000 160.418000 0.921000
mrcuda 536870912 512 493.780000 331.353000 162.427000 161.512000 0.915000
mrcuda 536870912 512 490.062000 331.725000 158.337000 157.432000 0.905000
mrcuda 536870912 512 493.370000 331.738000 161.632000 160.706000 0.926000
mrcuda 536870912 512 493.496000 331.696000 161.800000 160.876000 0.924000
mrcuda 536870912 512 493.889000 331.424000 162.465000 161.546000 0.919000
mrcuda 1048576 1024 891.626000 875.555000 16.071000 14.795000 1.276000
mrcuda 1048576 1024 878.436000 860.774000 17.662000 16.220000 1.442000
mrcuda 1048576 1024 1685.304000 1664.009000 21.295000 19.559000 1.736000
mrcuda 1048576 1024 1290.010000 1272.428000 17.582000 16.122000 1.460000
mrcuda 1048576 1024 1138.342000 1120.421000 17.921000 16.454000 1.467000
mrcuda 1048576 1024 1033.628000 1016.969000 16.659000 15.278000 1.381000
mrcuda 1048576 1024 1036.929000 1020.596000 16.333000 15.045000 1.288000
mrcuda 1048576 1024 1602.738000 1582.294000 20.444000 18.732000 1.712000
mrcuda 1048576 1024 1295.923000 1278.929000 16.994000 15.655000 1.339000
mrcuda 1048576 1024 1188.534000 1171.371000 17.163000 15.772000 1.391000
mrcuda 2097152 1024 1284.733000 1265.393000 19.340000 17.838000 1.502000
mrcuda 2097152 1024 1507.544000 1488.838000 18.706000 17.199000 1.507000
mrcuda 2097152 1024 1830.062000 1808.668000 21.394000 19.646000 1.748000
mrcuda 2097152 1024 1636.245000 1615.066000 21.179000 19.446000 1.733000
mrcuda 2097152 1024 504.142000 488.514000 15.628000 14.384000 1.244000
mrcuda 2097152 1024 771.455000 755.785000 15.670000 14.423000 1.247000
mrcuda 2097152 1024 742.729000 726.359000 16.370000 15.090000 1.280000
mrcuda 2097152 1024 825.210000 809.055000 16.155000 14.929000 1.226000
mrcuda 2097152 1024 1199.142000 1181.334000 17.808000 16.394000 1.414000
mrcuda 2097152 1024 694.258000 679.352000 14.906000 13.697000 1.209000
mrcuda 4194304 1024 943.809000 926.434000 17.375000 16.042000 1.333000
mrcuda 4194304 1024 221.731000 206.593000 15.138000 14.033000 1.105000
mrcuda 4194304 1024 239.386000 225.436000 13.950000 12.926000 1.024000
mrcuda 4194304 1024 135.988000 122.561000 13.427000 12.404000 1.023000
mrcuda 4194304 1024 412.721000 398.398000 14.323000 13.264000 1.059000
mrcuda 4194304 1024 136.744000 123.520000 13.224000 12.265000 0.959000
mrcuda 4194304 1024 258.218000 243.408000 14.810000 13.744000 1.066000
mrcuda 4194304 1024 91.943000 78.624000 13.319000 12.298000 1.021000
mrcuda 4194304 1024 184.500000 168.954000 15.546000 14.346000 1.200000
mrcuda 4194304 1024 117.725000 102.893000 14.832000 13.776000 1.056000
mrcuda 8388608 1024 114.037000 99.419000 14.618000 13.670000 0.948000
mrcuda 8388608 1024 217.413000 202.543000 14.870000 13.803000 1.067000
mrcuda 8388608 1024 165.818000 150.681000 15.137000 14.072000 1.065000
mrcuda 8388608 1024 93.035000 80.354000 12.681000 11.891000 0.790000
mrcuda 8388608 1024 177.193000 163.401000 13.792000 12.897000 0.895000
mrcuda 8388608 1024 902.600000 882.243000 20.357000 19.012000 1.345000
mrcuda 8388608 1024 234.868000 219.010000 15.858000 14.819000 1.039000
mrcuda 8388608 1024 148.756000 136.581000 12.175000 11.365000 0.810000
mrcuda 8388608 1024 156.436000 141.819000 14.617000 13.606000 1.011000
mrcuda 8388608 1024 164.790000 148.445000 16.345000 15.234000 1.111000
mrcuda 16777216 1024 96.277000 77.598000 18.679000 17.531000 1.148000
mrcuda 16777216 1024 103.305000 84.772000 18.533000 17.328000 1.205000
mrcuda 16777216 1024 114.655000 96.717000 17.938000 16.840000 1.098000
mrcuda 16777216 1024 100.408000 82.345000 18.063000 17.013000 1.050000
mrcuda 16777216 1024 81.868000 64.001000 17.867000 16.883000 0.984000
mrcuda 16777216 1024 101.800000 84.850000 16.950000 15.887000 1.063000
mrcuda 16777216 1024 119.946000 102.377000 17.569000 16.595000 0.974000
mrcuda 16777216 1024 143.110000 124.840000 18.270000 17.180000 1.090000
mrcuda 16777216 1024 170.374000 150.598000 19.776000 18.590000 1.186000
mrcuda 16777216 1024 321.348000 300.586000 20.762000 19.440000 1.322000
mrcuda 33554432 1024 103.809000 81.005000 22.804000 21.711000 1.093000
mrcuda 33554432 1024 96.392000 73.404000 22.988000 21.765000 1.223000
mrcuda 33554432 1024 136.732000 110.846000 25.886000 24.597000 1.289000
mrcuda 33554432 1024 92.839000 70.667000 22.172000 21.051000 1.121000
mrcuda 33554432 1024 102.068000 79.281000 22.787000 21.681000 1.106000
mrcuda 33554432 1024 86.548000 68.101000 18.447000 17.485000 0.962000
mrcuda 33554432 1024 92.343000 69.701000 22.642000 21.514000 1.128000
mrcuda 33554432 1024 95.257000 74.073000 21.184000 20.131000 1.053000
mrcuda 33554432 1024 124.957000 99.988000 24.969000 23.773000 1.196000
mrcuda 33554432 1024 73.241000 59.901000 13.340000 12.671000 0.669000
mrcuda 67108864 1024 131.059000 94.439000 36.620000 35.171000 1.449000
mrcuda 67108864 1024 124.655000 89.010000 35.645000 34.274000 1.371000
mrcuda 67108864 1024 131.286000 94.422000 36.864000 35.407000 1.457000
mrcuda 67108864 1024 133.947000 97.468000 36.479000 35.119000 1.360000
mrcuda 67108864 1024 143.041000 106.129000 36.912000 35.479000 1.433000
mrcuda 67108864 1024 132.876000 96.609000 36.267000 34.929000 1.338000
mrcuda 67108864 1024 128.949000 92.830000 36.119000 34.770000 1.349000
mrcuda 67108864 1024 125.076000 89.051000 36.025000 34.644000 1.381000
mrcuda 67108864 1024 133.036000 97.285000 35.751000 34.382000 1.369000
mrcuda 67108864 1024 129.562000 93.391000 36.171000 34.677000 1.494000
mrcuda 134217728 1024 179.876000 122.732000 57.144000 55.617000 1.527000
mrcuda 134217728 1024 177.711000 120.254000 57.457000 55.852000 1.605000
mrcuda 134217728 1024 180.538000 123.700000 56.838000 55.320000 1.518000
mrcuda 134217728 1024 178.035000 121.474000 56.561000 55.029000 1.532000
mrcuda 134217728 1024 181.290000 123.450000 57.840000 56.268000 1.572000
mrcuda 134217728 1024 180.546000 123.181000 57.365000 55.828000 1.537000
mrcuda 134217728 1024 171.360000 115.675000 55.685000 54.141000 1.544000
mrcuda 134217728 1024 184.055000 126.925000 57.130000 55.551000 1.579000
mrcuda 134217728 1024 171.775000 116.293000 55.482000 53.874000 1.608000
mrcuda 134217728 1024 186.924000 129.354000 57.570000 56.073000 1.497000
mrcuda 268435456 1024 279.473000 181.963000 97.510000 95.844000 1.666000
mrcuda 268435456 1024 285.305000 191.229000 94.076000 92.482000 1.594000
mrcuda 268435456 1024 270.891000 175.693000 95.198000 93.565000 1.633000
mrcuda 268435456 1024 260.308000 166.254000 94.054000 92.453000 1.601000
mrcuda 268435456 1024 292.484000 197.607000 94.877000 93.250000 1.627000
mrcuda 268435456 1024 271.408000 177.159000 94.249000 92.665000 1.584000
mrcuda 268435456 1024 278.049000 183.468000 94.581000 92.860000 1.721000
mrcuda 268435456 1024 267.843000 175.428000 92.415000 90.875000 1.540000
mrcuda 268435456 1024 271.775000 176.708000 95.067000 93.063000 2.004000
mrcuda 268435456 1024 273.096000 179.429000 93.667000 92.037000 1.630000
mrcuda 536870912 1024 467.024000 297.752000 169.272000 167.521000 1.751000
mrcuda 536870912 1024 464.251000 298.165000 166.086000 164.454000 1.632000
mrcuda 536870912 1024 466.503000 297.964000 168.539000 166.883000 1.656000
mrcuda 536870912 1024 466.581000 297.627000 168.954000 167.272000 1.682000
mrcuda 536870912 1024 468.931000 298.000000 170.931000 169.209000 1.722000
mrcuda 536870912 1024 464.773000 297.373000 167.400000 165.780000 1.620000
mrcuda 536870912 1024 466.802000 297.498000 169.304000 167.619000 1.685000
mrcuda 536870912 1024 462.864000 296.938000 165.926000 164.170000 1.756000
mrcuda 536870912 1024 467.120000 297.618000 169.502000 167.736000 1.766000
mrcuda 536870912 1024 466.122000 297.674000 168.448000 166.729000 1.719000
mrcuda 1 1 2.595000 2.541000 0.054000 0.040000 0.014000
mrcuda 1 1 1.653000 1.628000 0.025000 0.017000 0.008000
mrcuda 1 1 2.572000 2.548000 0.024000 0.016000 0.008000
mrcuda 1 1 1.855000 1.827000 0.028000 0.019000 0.009000
mrcuda 1 1 1.724000 1.700000 0.024000 0.016000 0.008000
mrcuda 1 1 2.497000 2.465000 0.032000 0.020000 0.012000
mrcuda 1 1 2.258000 2.233000 0.025000 0.016000 0.009000
mrcuda 1 1 2.492000 2.465000 0.027000 0.019000 0.008000
mrcuda 1 1 1.910000 1.884000 0.026000 0.018000 0.008000
mrcuda 1 1 1.890000 1.861000 0.029000 0.021000 0.008000
mrcuda 2 1 2.404000 2.379000 0.025000 0.016000 0.009000
mrcuda 2 1 2.568000 2.544000 0.024000 0.016000 0.008000
mrcuda 2 1 1.632000 1.607000 0.025000 0.017000 0.008000
mrcuda 2 1 2.460000 2.435000 0.025000 0.016000 0.009000
mrcuda 2 1 2.476000 2.453000 0.023000 0.016000 0.007000
mrcuda 2 1 1.863000 1.839000 0.024000 0.017000 0.007000
mrcuda 2 1 2.102000 2.076000 0.026000 0.018000 0.008000
mrcuda 2 1 2.100000 2.068000 0.032000 0.024000 0.008000
mrcuda 2 1 2.271000 2.240000 0.031000 0.022000 0.009000
mrcuda 2 1 1.978000 1.954000 0.024000 0.017000 0.007000
mrcuda 4 1 2.214000 2.188000 0.026000 0.018000 0.008000
mrcuda 4 1 2.092000 2.071000 0.021000 0.014000 0.007000
mrcuda 4 1 1.806000 1.782000 0.024000 0.016000 0.008000
mrcuda 4 1 2.497000 2.473000 0.024000 0.016000 0.008000
mrcuda 4 1 1.652000 1.626000 0.026000 0.018000 0.008000
mrcuda 4 1 2.192000 2.168000 0.024000 0.016000 0.008000
mrcuda 4 1 1.603000 1.579000 0.024000 0.016000 0.008000
mrcuda 4 1 2.597000 2.566000 0.031000 0.023000 0.008000
mrcuda 4 1 1.845000 1.818000 0.027000 0.018000 0.009000
mrcuda 4 1 2.051000 2.025000 0.026000 0.017000 0.009000
mrcuda 8 1 2.311000 2.287000 0.024000 0.016000 0.008000
mrcuda 8 1 2.215000 2.191000 0.024000 0.016000 0.008000
mrcuda 8 1 2.391000 2.366000 0.025000 0.016000 0.009000
mrcuda 8 1 1.593000 1.569000 0.024000 0.016000 0.008000
mrcuda 8 1 2.357000 2.333000 0.024000 0.017000 0.007000
mrcuda 8 1 2.247000 2.222000 0.025000 0.016000 0.009000
mrcuda 8 1 1.857000 1.832000 0.025000 0.016000 0.009000
mrcuda 8 1 2.230000 2.205000 0.025000 0.016000 0.009000
mrcuda 8 1 2.018000 1.987000 0.031000 0.022000 0.009000
mrcuda 8 1 1.853000 1.826000 0.027000 0.018000 0.009000
mrcuda 16 1 2.112000 2.087000 0.025000 0.017000 0.008000
mrcuda 16 1 2.605000 2.579000 0.026000 0.018000 0.008000
mrcuda 16 1 1.653000 1.628000 0.025000 0.016000 0.009000
mrcuda 16 1 2.317000 2.288000 0.029000 0.021000 0.008000
mrcuda 16 1 1.688000 1.661000 0.027000 0.018000 0.009000
mrcuda 16 1 1.885000 1.860000 0.025000 0.016000 0.009000
mrcuda 16 1 2.453000 2.429000 0.024000 0.017000 0.007000
mrcuda 16 1 1.764000 1.740000 0.024000 0.016000 0.008000
mrcuda 16 1 1.990000 1.966000 0.024000 0.016000 0.008000
mrcuda 16 1 2.324000 2.300000 0.024000 0.017000 0.007000
mrcuda 32 1 2.500000 2.476000 0.024000 0.016000 0.008000
mrcuda 32 1 1.948000 1.924000 0.024000 0.017000 0.007000
mrcuda 32 1 2.460000 2.432000 0.028000 0.020000 0.008000
mrcuda 32 1 2.464000 2.440000 0.024000 0.016000 0.008000
mrcuda 32 1 2.031000 2.009000 0.022000 0.013000 0.009000
mrcuda 32 1 1.970000 1.945000 0.025000 0.016000 0.009000
mrcuda 32 1 1.713000 1.690000 0.023000 0.016000 0.007000
mrcuda 32 1 1.655000 1.628000 0.027000 0.019000 0.008000
mrcuda 32 1 2.267000 2.243000 0.024000 0.017000 0.007000
mrcuda 32 1 2.479000 2.450000 0.029000 0.019000 0.010000
mrcuda 64 1 1.715000 1.691000 0.024000 0.016000 0.008000
mrcuda 64 1 2.385000 2.361000 0.024000 0.016000 0.008000
mrcuda 64 1 2.499000 2.474000 0.025000 0.017000 0.008000
mrcuda 64 1 1.913000 1.888000 0.025000 0.016000 0.009000
mrcuda 64 1 2.312000 2.289000 0.023000 0.016000 0.007000
mrcuda 64 1 1.863000 1.839000 0.024000 0.017000 0.007000
mrcuda 64 1 1.718000 1.691000 0.027000 0.018000 0.009000
mrcuda 64 1 2.435000 2.410000 0.025000 0.017000 0.008000
mrcuda 64 1 2.088000 2.063000 0.025000 0.017000 0.008000
mrcuda 64 1 2.060000 2.035000 0.025000 0.016000 0.009000
mrcuda 128 1 2.496000 2.470000 0.026000 0.017000 0.009000
mrcuda 128 1 0.150000 0.128000 0.022000 0.013000 0.009000
mrcuda 128 1 2.438000 2.413000 0.025000 0.017000 0.008000
mrcuda 128 1 1.973000 1.950000 0.023000 0.016000 0.007000
mrcuda 128 1 2.072000 2.048000 0.024000 0.017000 0.007000
mrcuda 128 1 2.476000 2.451000 0.025000 0.016000 0.009000
mrcuda 128 1 2.149000 2.123000 0.026000 0.019000 0.007000
mrcuda 128 1 1.784000 1.756000 0.028000 0.019000 0.009000
mrcuda 128 1 2.075000 2.051000 0.024000 0.016000 0.008000
mrcuda 128 1 2.309000 2.285000 0.024000 0.017000 0.007000
mrcuda 256 1 2.276000 2.252000 0.024000 0.016000 0.008000
mrcuda 256 1 2.483000 2.459000 0.024000 0.017000 0.007000
mrcuda 256 1 1.788000 1.763000 0.025000 0.016000 0.009000
mrcuda 256 1 2.206000 2.181000 0.025000 0.016000 0.009000
mrcuda 256 1 2.350000 2.326000 0.024000 0.016000 0.008000
mrcuda 256 1 1.801000 1.746000 0.055000 0.040000 0.015000
mrcuda 256 1 2.215000 2.191000 0.024000 0.016000 0.008000
mrcuda 256 1 1.717000 1.693000 0.024000 0.016000 0.008000
mrcuda 256 1 2.291000 2.266000 0.025000 0.017000 0.008000
mrcuda 256 1 2.384000 2.360000 0.024000 0.016000 0.008000
mrcuda 512 1 1.815000 1.792000 0.023000 0.016000 0.007000
mrcuda 512 1 2.356000 2.331000 0.025000 0.016000 0.009000
mrcuda 512 1 1.914000 1.889000 0.025000 0.017000 0.008000
mrcuda 512 1 1.703000 1.679000 0.024000 0.016000 0.008000
mrcuda 512 1 1.665000 1.640000 0.025000 0.016000 0.009000
mrcuda 512 1 2.475000 2.450000 0.025000 0.017000 0.008000
mrcuda 512 1 2.319000 2.294000 0.025000 0.016000 0.009000
mrcuda 512 1 2.498000 2.473000 0.025000 0.017000 0.008000
mrcuda 512 1 2.159000 2.134000 0.025000 0.017000 0.008000
mrcuda 512 1 2.274000 2.249000 0.025000 0.015000 0.010000
mrcuda 1024 1 2.153000 2.128000 0.025000 0.016000 0.009000
mrcuda 1024 1 2.148000 2.112000 0.036000 0.017000 0.019000
mrcuda 1024 1 1.667000 1.642000 0.025000 0.016000 0.009000
mrcuda 1024 1 2.527000 2.501000 0.026000 0.016000 0.010000
mrcuda 1024 1 2.154000 2.129000 0.025000 0.017000 0.008000
mrcuda 1024 1 2.067000 2.043000 0.024000 0.016000 0.008000
mrcuda 1024 1 1.873000 1.848000 0.025000 0.017000 0.008000
mrcuda 1024 1 2.465000 2.440000 0.025000 0.016000 0.009000
mrcuda 1024 1 2.184000 2.158000 0.026000 0.017000 0.009000
mrcuda 1024 1 1.722000 1.698000 0.024000 0.017000 0.007000
mrcuda 2048 1 1.662000 1.637000 0.025000 0.015000 0.010000
mrcuda 2048 1 2.045000 2.020000 0.025000 0.017000 0.008000
mrcuda 2048 1 2.082000 2.056000 0.026000 0.018000 0.008000
mrcuda 2048 1 2.101000 2.070000 0.031000 0.020000 0.011000
mrcuda 2048 1 2.251000 2.227000 0.024000 0.016000 0.008000
mrcuda 2048 1 2.497000 2.472000 0.025000 0.016000 0.009000
mrcuda 2048 1 2.522000 2.498000 0.024000 0.016000 0.008000
mrcuda 2048 1 2.105000 2.080000 0.025000 0.016000 0.009000
mrcuda 2048 1 2.333000 2.307000 0.026000 0.018000 0.008000
mrcuda 2048 1 1.933000 1.905000 0.028000 0.016000 0.012000
mrcuda 4096 1 2.528000 2.501000 0.027000 0.016000 0.011000
mrcuda 4096 1 2.374000 2.347000 0.027000 0.017000 0.010000
mrcuda 4096 1 1.802000 1.774000 0.028000 0.018000 0.010000
mrcuda 4096 1 2.171000 2.144000 0.027000 0.017000 0.010000
mrcuda 4096 1 1.926000 1.900000 0.026000 0.017000 0.009000
mrcuda 4096 1 1.639000 1.613000 0.026000 0.017000 0.009000
mrcuda 4096 1 2.039000 2.011000 0.028000 0.019000 0.009000
mrcuda 4096 1 2.207000 2.181000 0.026000 0.017000 0.009000
mrcuda 4096 1 2.357000 2.329000 0.028000 0.019000 0.009000
mrcuda 4096 1 1.720000 1.688000 0.032000 0.021000 0.011000
mrcuda 8192 1 0.147000 0.122000 0.025000 0.015000 0.010000
mrcuda 8192 1 0.147000 0.121000 0.026000 0.016000 0.010000
mrcuda 8192 1 0.146000 0.122000 0.024000 0.015000 0.009000
mrcuda 8192 1 0.147000 0.124000 0.023000 0.015000 0.008000
mrcuda 8192 1 2.532000 2.506000 0.026000 0.017000 0.009000
mrcuda 8192 1 0.147000 0.123000 0.024000 0.014000 0.010000
mrcuda 8192 1 0.151000 0.127000 0.024000 0.015000 0.009000
mrcuda 8192 1 0.143000 0.118000 0.025000 0.015000 0.010000
mrcuda 8192 1 2.221000 2.191000 0.030000 0.020000 0.010000
mrcuda 8192 1 0.170000 0.145000 0.025000 0.016000 0.009000
mrcuda 16384 1 0.151000 0.126000 0.025000 0.016000 0.009000
mrcuda 16384 1 0.155000 0.127000 0.028000 0.018000 0.010000
mrcuda 16384 1 0.158000 0.129000 0.029000 0.019000 0.010000
mrcuda 16384 1 0.153000 0.126000 0.027000 0.016000 0.011000
mrcuda 16384 1 0.149000 0.125000 0.024000 0.016000 0.008000
mrcuda 16384 1 0.151000 0.126000 0.025000 0.016000 0.009000
mrcuda 16384 1 0.149000 0.124000 0.025000 0.016000 0.009000
mrcuda 16384 1 0.151000 0.125000 0.026000 0.017000 0.009000
mrcuda 16384 1 2.203000 2.174000 0.029000 0.020000 0.009000
mrcuda 16384 1 0.163000 0.137000 0.026000 0.016000 0.010000
mrcuda 32768 1 0.169000 0.139000 0.030000 0.020000 0.010000
mrcuda 32768 1 0.167000 0.139000 0.028000 0.019000 0.009000
mrcuda 32768 1 0.166000 0.138000 0.028000 0.019000 0.009000
mrcuda 32768 1 0.163000 0.135000 0.028000 0.018000 0.010000
mrcuda 32768 1 2.282000 2.248000 0.034000 0.023000 0.011000
mrcuda 32768 1 0.169000 0.138000 0.031000 0.020000 0.011000
mrcuda 32768 1 0.163000 0.135000 0.028000 0.019000 0.009000
mrcuda 32768 1 2.113000 2.083000 0.030000 0.021000 0.009000
mrcuda 32768 1 0.167000 0.137000 0.030000 0.019000 0.011000
mrcuda 32768 1 0.167000 0.136000 0.031000 0.021000 0.010000
mrcuda 65536 1 0.197000 0.161000 0.036000 0.025000 0.011000
mrcuda 65536 1 0.193000 0.158000 0.035000 0.024000 0.011000
mrcuda 65536 1 0.144000 0.111000 0.033000 0.023000 0.010000
mrcuda 65536 1 0.194000 0.159000 0.035000 0.024000 0.011000
mrcuda 65536 1 1.747000 1.709000 0.038000 0.027000 0.011000
mrcuda 65536 1 0.193000 0.158000 0.035000 0.024000 0.011000
mrcuda 65536 1 0.190000 0.154000 0.036000 0.024000 0.012000
mrcuda 65536 1 0.213000 0.167000 0.046000 0.026000 0.020000
mrcuda 65536 1 0.145000 0.111000 0.034000 0.024000 0.010000
mrcuda 65536 1 1.839000 1.802000 0.037000 0.026000 0.011000
mrcuda 131072 1 0.244000 0.196000 0.048000 0.037000 0.011000
mrcuda 131072 1 0.242000 0.193000 0.049000 0.037000 0.012000
mrcuda 131072 1 0.245000 0.197000 0.048000 0.037000 0.011000
mrcuda 131072 1 1.830000 1.782000 0.048000 0.038000 0.010000
mrcuda 131072 1 0.241000 0.193000 0.048000 0.037000 0.011000
mrcuda 131072 1 0.248000 0.199000 0.049000 0.036000 0.013000
mrcuda 131072 1 0.242000 0.195000 0.047000 0.036000 0.011000
mrcuda 131072 1 0.244000 0.197000 0.047000 0.038000 0.009000
mrcuda 131072 1 0.238000 0.192000 0.046000 0.036000 0.010000
mrcuda 131072 1 0.242000 0.195000 0.047000 0.037000 0.010000
mrcuda 262144 1 0.366000 0.288000 0.078000 0.065000 0.013000
mrcuda 262144 1 0.345000 0.275000 0.070000 0.059000 0.011000
mrcuda 262144 1 0.371000 0.289000 0.082000 0.070000 0.012000
mrcuda 262144 1 0.347000 0.276000 0.071000 0.061000 0.010000
mrcuda 262144 1 0.345000 0.276000 0.069000 0.058000 0.011000
mrcuda 262144 1 0.353000 0.282000 0.071000 0.059000 0.012000
mrcuda 262144 1 0.345000 0.277000 0.068000 0.058000 0.010000
mrcuda 262144 1 0.346000 0.278000 0.068000 0.057000 0.011000
mrcuda 262144 1 0.395000 0.325000 0.070000 0.058000 0.012000
mrcuda 262144 1 0.344000 0.276000 0.068000 0.057000 0.011000
mrcuda 524288 1 0.608000 0.495000 0.113000 0.101000 0.012000
mrcuda 524288 1 0.549000 0.437000 0.112000 0.102000 0.010000
mrcuda 524288 1 0.554000 0.445000 0.109000 0.098000 0.011000
mrcuda 524288 1 0.505000 0.390000 0.115000 0.104000 0.011000
mrcuda 524288 1 0.610000 0.496000 0.114000 0.101000 0.013000
mrcuda 524288 1 0.550000 0.436000 0.114000 0.104000 0.010000
mrcuda 524288 1 0.544000 0.434000 0.110000 0.099000 0.011000
mrcuda 524288 1 0.550000 0.441000 0.109000 0.097000 0.012000
mrcuda 524288 1 0.543000 0.432000 0.111000 0.101000 0.010000
mrcuda 524288 1 0.678000 0.519000 0.159000 0.145000 0.014000
