prog lib count num_calls time
nullker mrcuda 0 1024 13.909000
nullker mrcuda 0 2048 27.694000
nullker mrcuda 0 4096 55.480000
nullker mrcuda 0 8192 110.551000
nullker mrcuda 0 16384 220.698000
nullker mrcuda 0 32768 376.599000
nullker mrcuda 0 65536 745.303000
nullker mrcuda 0 131072 1487.305000
nullker mrcuda 0 262144 2981.731000
nullker mrcuda 0 524288 5951.194000
nullker mrcuda 0 1048576 11905.031000
nullker mrcuda 0 2097152 23794.678000
nullker mrcuda 0 4194304 47580.513000
nullker mrcuda 0 8388608 95185.737000
nullker mrcuda 0 16777216 190206.546000
nullker mrcuda 1 1024 13.948000
nullker mrcuda 1 2048 27.847000
nullker mrcuda 1 4096 55.602000
nullker mrcuda 1 8192 110.650000
nullker mrcuda 1 16384 221.341000
nullker mrcuda 1 32768 383.100000
nullker mrcuda 1 65536 746.129000
nullker mrcuda 1 131072 1496.601000
nullker mrcuda 1 262144 2995.116000
nullker mrcuda 1 524288 5985.191000
nullker mrcuda 1 1048576 11979.065000
nullker mrcuda 1 2097152 23947.264000
nullker mrcuda 1 4194304 47903.340000
nullker mrcuda 1 8388608 95821.928000
nullker mrcuda 1 16777216 191631.296000
nullker mrcuda 2 1024 11.762000
nullker mrcuda 2 2048 23.572000
nullker mrcuda 2 4096 46.782000
nullker mrcuda 2 8192 92.995000
nullker mrcuda 2 16384 186.496000
nullker mrcuda 2 32768 373.267000
nullker mrcuda 2 65536 745.067000
nullker mrcuda 2 131072 1491.059000
nullker mrcuda 2 262144 2975.860000
nullker mrcuda 2 524288 5957.743000
nullker mrcuda 2 1048576 11907.501000
nullker mrcuda 2 2097152 23853.835000
nullker mrcuda 2 4194304 47667.329000
nullker mrcuda 2 8388608 95264.386000
nullker mrcuda 2 16777216 190606.974000
nullker mrcuda 3 1024 13.931000
nullker mrcuda 3 2048 27.930000
nullker mrcuda 3 4096 55.193000
nullker mrcuda 3 8192 109.578000
nullker mrcuda 3 16384 220.805000
nullker mrcuda 3 32768 376.383000
nullker mrcuda 3 65536 744.637000
nullker mrcuda 3 131072 1473.593000
nullker mrcuda 3 262144 2953.483000
nullker mrcuda 3 524288 5922.429000
nullker mrcuda 3 1048576 11851.660000
nullker mrcuda 3 2097152 23698.863000
nullker mrcuda 3 4194304 47307.894000
nullker mrcuda 3 8388608 94766.222000
nullker mrcuda 3 16777216 189753.937000
nullker mrcuda 4 1024 12.148000
nullker mrcuda 4 2048 24.513000
nullker mrcuda 4 4096 48.559000
nullker mrcuda 4 8192 96.675000
nullker mrcuda 4 16384 194.782000
nullker mrcuda 4 32768 387.978000
nullker mrcuda 4 65536 779.653000
nullker mrcuda 4 131072 1559.794000
nullker mrcuda 4 262144 3126.936000
nullker mrcuda 4 524288 6238.395000
nullker mrcuda 4 1048576 12470.579000
nullker mrcuda 4 2097152 24921.762000
nullker mrcuda 4 4194304 49788.988000
nullker mrcuda 4 8388608 99457.578000
nullker mrcuda 4 16777216 199119.432000
nullker mrcuda 5 1024 14.360000
nullker mrcuda 5 2048 28.614000
nullker mrcuda 5 4096 57.200000
nullker mrcuda 5 8192 113.692000
nullker mrcuda 5 16384 227.503000
nullker mrcuda 5 32768 388.961000
nullker mrcuda 5 65536 767.622000
nullker mrcuda 5 131072 1537.665000
nullker mrcuda 5 262144 3072.827000
nullker mrcuda 5 524288 6149.966000
nullker mrcuda 5 1048576 12304.688000
nullker mrcuda 5 2097152 24605.251000
nullker mrcuda 5 4194304 49200.814000
nullker mrcuda 5 8388608 98456.404000
nullker mrcuda 5 16777216 196701.645000
nullker mrcuda 6 1024 14.162000
nullker mrcuda 6 2048 28.289000
nullker mrcuda 6 4096 56.480000
nullker mrcuda 6 8192 112.021000
nullker mrcuda 6 16384 223.856000
nullker mrcuda 6 32768 391.024000
nullker mrcuda 6 65536 755.072000
nullker mrcuda 6 131072 1515.169000
nullker mrcuda 6 262144 3039.992000
nullker mrcuda 6 524288 6077.132000
nullker mrcuda 6 1048576 12119.706000
nullker mrcuda 6 2097152 24327.747000
nullker mrcuda 6 4194304 48537.433000
nullker mrcuda 6 8388608 97030.690000
nullker mrcuda 6 16777216 194138.853000
nullker mrcuda 7 1024 13.810000
nullker mrcuda 7 2048 27.852000
nullker mrcuda 7 4096 55.083000
nullker mrcuda 7 8192 109.188000
nullker mrcuda 7 16384 218.314000
nullker mrcuda 7 32768 376.721000
nullker mrcuda 7 65536 735.194000
nullker mrcuda 7 131072 1481.617000
nullker mrcuda 7 262144 2954.298000
nullker mrcuda 7 524288 5911.131000
nullker mrcuda 7 1048576 11806.652000
nullker mrcuda 7 2097152 23656.850000
nullker mrcuda 7 4194304 47241.286000
nullker mrcuda 7 8388608 94611.828000
nullker mrcuda 7 16777216 189050.351000
nullker mrcuda 8 1024 14.095000
nullker mrcuda 8 2048 28.081000
nullker mrcuda 8 4096 55.970000
nullker mrcuda 8 8192 110.973000
nullker mrcuda 8 16384 222.415000
nullker mrcuda 8 32768 390.757000
nullker mrcuda 8 65536 751.369000
nullker mrcuda 8 131072 1505.198000
nullker mrcuda 8 262144 3009.886000
nullker mrcuda 8 524288 6017.065000
nullker mrcuda 8 1048576 12057.644000
nullker mrcuda 8 2097152 24091.687000
nullker mrcuda 8 4194304 48175.926000
nullker mrcuda 8 8388608 96237.943000
nullker mrcuda 8 16777216 192701.657000
nullker mrcuda 9 1024 14.060000
nullker mrcuda 9 2048 28.105000
nullker mrcuda 9 4096 56.126000
nullker mrcuda 9 8192 111.257000
nullker mrcuda 9 16384 222.588000
nullker mrcuda 9 32768 388.535000
nullker mrcuda 9 65536 749.658000
nullker mrcuda 9 131072 1509.148000
nullker mrcuda 9 262144 3006.658000
nullker mrcuda 9 524288 6021.239000
nullker mrcuda 9 1048576 12045.826000
nullker mrcuda 9 2097152 24086.604000
nullker mrcuda 9 4194304 48086.814000
nullker mrcuda 9 8388608 96193.359000
nullker mrcuda 9 16777216 192125.235000
nullker native 0 1024 1.693000
nullker native 0 2048 3.328000
nullker native 0 4096 6.596000
nullker native 0 8192 12.316000
nullker native 0 16384 24.535000
nullker native 0 32768 49.045000
nullker native 0 65536 98.111000
nullker native 0 131072 196.670000
nullker native 0 262144 392.933000
nullker native 0 524288 787.145000
nullker native 0 1048576 1578.461000
nullker native 0 2097152 3150.883000
nullker native 0 4194304 6305.144000
nullker native 0 8388608 12608.160000
nullker native 0 16777216 25167.428000
nullker native 1 1024 1.930000
nullker native 1 2048 3.870000
nullker native 1 4096 7.645000
nullker native 1 8192 14.576000
nullker native 1 16384 29.061000
nullker native 1 32768 59.444000
nullker native 1 65536 116.105000
nullker native 1 131072 232.417000
nullker native 1 262144 395.501000
nullker native 1 524288 782.965000
nullker native 1 1048576 1572.530000
nullker native 1 2097152 3140.093000
nullker native 1 4194304 6273.480000
nullker native 1 8388608 12540.560000
nullker native 1 16777216 25076.293000
nullker native 2 1024 1.931000
nullker native 2 2048 3.850000
nullker native 2 4096 7.639000
nullker native 2 8192 14.556000
nullker native 2 16384 29.103000
nullker native 2 32768 58.037000
nullker native 2 65536 116.313000
nullker native 2 131072 229.299000
nullker native 2 262144 392.810000
nullker native 2 524288 784.319000
nullker native 2 1048576 1571.662000
nullker native 2 2097152 3142.692000
nullker native 2 4194304 6281.323000
nullker native 2 8388608 12563.783000
nullker native 2 16777216 25143.079000
nullker native 3 1024 1.925000
nullker native 3 2048 3.851000
nullker native 3 4096 7.658000
nullker native 3 8192 14.506000
nullker native 3 16384 29.193000
nullker native 3 32768 58.076000
nullker native 3 65536 116.383000
nullker native 3 131072 230.686000
nullker native 3 262144 391.538000
nullker native 3 524288 781.478000
nullker native 3 1048576 1567.546000
nullker native 3 2097152 3139.788000
nullker native 3 4194304 6269.944000
nullker native 3 8388608 12546.773000
nullker native 3 16777216 25069.748000
nullker native 4 1024 1.924000
nullker native 4 2048 3.862000
nullker native 4 4096 7.633000
nullker native 4 8192 14.547000
nullker native 4 16384 29.111000
nullker native 4 32768 58.003000
nullker native 4 65536 116.376000
nullker native 4 131072 232.829000
nullker native 4 262144 398.024000
nullker native 4 524288 784.508000
nullker native 4 1048576 1573.480000
nullker native 4 2097152 3139.734000
nullker native 4 4194304 6275.518000
nullker native 4 8388608 12546.614000
nullker native 4 16777216 25070.691000
nullker native 5 1024 1.670000
nullker native 5 2048 3.293000
nullker native 5 4096 6.543000
nullker native 5 8192 12.294000
nullker native 5 16384 24.577000
nullker native 5 32768 48.953000
nullker native 5 65536 97.914000
nullker native 5 131072 195.743000
nullker native 5 262144 392.773000
nullker native 5 524288 783.770000
nullker native 5 1048576 1574.795000
nullker native 5 2097152 3143.471000
nullker native 5 4194304 6282.858000
nullker native 5 8388608 12580.392000
nullker native 5 16777216 25153.583000
nullker native 6 1024 1.916000
nullker native 6 2048 3.872000
nullker native 6 4096 7.634000
nullker native 6 8192 14.544000
nullker native 6 16384 29.210000
nullker native 6 32768 58.203000
nullker native 6 65536 116.366000
nullker native 6 131072 232.485000
nullker native 6 262144 393.469000
nullker native 6 524288 783.498000
nullker native 6 1048576 1571.326000
nullker native 6 2097152 3140.647000
nullker native 6 4194304 6264.444000
nullker native 6 8388608 12527.807000
nullker native 6 16777216 25067.070000
nullker native 7 1024 1.926000
nullker native 7 2048 3.839000
nullker native 7 4096 7.660000
nullker native 7 8192 14.561000
nullker native 7 16384 29.069000
nullker native 7 32768 58.140000
nullker native 7 65536 116.144000
nullker native 7 131072 228.217000
nullker native 7 262144 392.149000
nullker native 7 524288 783.238000
nullker native 7 1048576 1572.047000
nullker native 7 2097152 3140.495000
nullker native 7 4194304 6267.781000
nullker native 7 8388608 12546.230000
nullker native 7 16777216 25100.963000
nullker native 8 1024 1.688000
nullker native 8 2048 3.300000
nullker native 8 4096 6.539000
nullker native 8 8192 12.336000
nullker native 8 16384 24.511000
nullker native 8 32768 48.958000
nullker native 8 65536 97.993000
nullker native 8 131072 195.946000
nullker native 8 262144 392.690000
nullker native 8 524288 784.694000
nullker native 8 1048576 1573.828000
nullker native 8 2097152 3146.828000
nullker native 8 4194304 6291.588000
nullker native 8 8388608 12585.252000
nullker native 8 16777216 25207.118000
nullker native 9 1024 1.916000
nullker native 9 2048 3.869000
nullker native 9 4096 7.611000
nullker native 9 8192 14.613000
nullker native 9 16384 29.131000
nullker native 9 32768 58.367000
nullker native 9 65536 116.631000
nullker native 9 131072 233.111000
nullker native 9 262144 395.504000
nullker native 9 524288 785.364000
nullker native 9 1048576 1573.954000
nullker native 9 2097152 3150.368000
nullker native 9 4194304 6289.309000
nullker native 9 8388608 12580.401000
nullker native 9 16777216 25135.924000
